2025-09-21 21:26:08 | INFO | Sent message to topic 'smoker_csv': {'timestamp': '2025-09-22T02:26:08.550837', 'temperature': 133.6}
2025-09-21 21:26:11 | INFO | Logging to file: logs/project_log.log
2025-09-21 21:26:11 | INFO | Log sanitization enabled, personal info removed
2025-09-21 21:26:11 | INFO | START consumer.
2025-09-21 21:26:11 | INFO | Kafka topic: smoker_csv
2025-09-21 21:26:11 | INFO | Kafka consumer group id: smoker_group
2025-09-21 21:26:11 | INFO | Rolling window size: 10
2025-09-21 21:26:11 | INFO | Kafka broker address: localhost:9092
2025-09-21 21:26:11 | INFO | Creating Kafka consumer. Topic='smoker_csv' and group ID='smoker_group'.
2025-09-21 21:26:11 | INFO | Kafka consumer created successfully.
2025-09-21 21:26:11 | INFO | Polling messages from topic 'smoker_csv'...
2025-09-21 21:26:11 | ERROR | Error while consuming messages: Invalid file descriptor: -1
2025-09-21 21:26:11 | INFO | Kafka consumer for topic 'smoker_csv' closed.
2025-09-21 21:26:13 | INFO | Sent message to topic 'smoker_csv': {'timestamp': '2025-09-22T02:26:13.553508', 'temperature': 134.0}
2025-09-21 21:26:18 | INFO | Sent message to topic 'smoker_csv': {'timestamp': '2025-09-22T02:26:18.555469', 'temperature': 134.4}
2025-09-21 21:26:23 | INFO | Sent message to topic 'smoker_csv': {'timestamp': '2025-09-22T02:26:23.558563', 'temperature': 134.8}
2025-09-21 21:26:28 | INFO | Sent message to topic 'smoker_csv': {'timestamp': '2025-09-22T02:26:28.561779', 'temperature': 135.2}
2025-09-21 21:26:33 | INFO | Sent message to topic 'smoker_csv': {'timestamp': '2025-09-22T02:26:33.563190', 'temperature': 135.6}
2025-09-21 21:26:36 | WARNING | Producer interrupted by user.
2025-09-21 21:26:36 | INFO | Kafka producer closed.
2025-09-21 21:26:36 | INFO | END producer.
2025-09-21 21:27:11 | INFO | Logging to file: logs/project_log.log
2025-09-21 21:27:11 | INFO | Log sanitization enabled, personal info removed
2025-09-21 21:27:11 | INFO | Project root: PROJECT_ROOT
2025-09-21 21:27:11 | INFO | Data folder: PROJECT_ROOT/data
2025-09-21 21:27:11 | INFO | Data file: PROJECT_ROOT/data/smoker_temps.csv
2025-09-21 21:27:11 | INFO | START producer.
2025-09-21 21:27:11 | INFO | Kafka broker address: localhost:9092
2025-09-21 21:27:12 | INFO | Kafka is ready. Brokers: {'throttle_time_ms': 0, 'brokers': [{'node_id': 1, 'host': 'localhost', 'port': 9092, 'rack': None}], 'cluster_id': 'hMNex-8bR3emkYlz6xmmZg', 'controller_id': 1}
2025-09-21 21:27:12 | INFO | Kafka topic: smoker_csv
2025-09-21 21:27:12 | INFO | Message interval: 5 seconds
2025-09-21 21:27:12 | INFO | Kafka broker address: localhost:9092
2025-09-21 21:27:12 | INFO | Connecting to Kafka broker at localhost:9092...
2025-09-21 21:27:12 | INFO | Kafka producer successfully created.
2025-09-21 21:27:12 | INFO | Kafka broker address: localhost:9092
2025-09-21 21:27:12 | INFO | Topic 'smoker_csv' already exists. Recreating fresh...
2025-09-21 21:27:12 | INFO | Requested deletion of topic 'smoker_csv'.
2025-09-21 21:27:12 | INFO | Topic 'smoker_csv' created successfully.
2025-09-21 21:27:12 | INFO | Kafka topic 'smoker_csv' is ready.
2025-09-21 21:27:12 | INFO | Starting message production to topic 'smoker_csv'...
2025-09-21 21:27:12 | INFO | Opening data file in read mode: PROJECT_ROOT/data/smoker_temps.csv
2025-09-21 21:27:12 | INFO | Reading data from file: PROJECT_ROOT/data/smoker_temps.csv
2025-09-21 21:27:12 | INFO | Sent message to topic 'smoker_csv': {'timestamp': '2025-09-22T02:27:12.703506', 'temperature': 70.4}
2025-09-21 21:27:17 | INFO | Sent message to topic 'smoker_csv': {'timestamp': '2025-09-22T02:27:17.705637', 'temperature': 70.8}
2025-09-21 21:27:21 | INFO | Logging to file: logs/project_log.log
2025-09-21 21:27:21 | INFO | Log sanitization enabled, personal info removed
2025-09-21 21:27:21 | INFO | START consumer.
2025-09-21 21:27:21 | INFO | Kafka topic: smoker_csv
2025-09-21 21:27:21 | INFO | Kafka consumer group id: smoker_group
2025-09-21 21:27:21 | INFO | Rolling window size: 10
2025-09-21 21:27:21 | INFO | Kafka broker address: localhost:9092
2025-09-21 21:27:21 | INFO | Creating Kafka consumer. Topic='smoker_csv' and group ID='smoker_group'.
2025-09-21 21:27:21 | INFO | Kafka consumer created successfully.
2025-09-21 21:27:21 | INFO | Polling messages from topic 'smoker_csv'...
2025-09-21 21:27:22 | INFO | Sent message to topic 'smoker_csv': {'timestamp': '2025-09-22T02:27:22.707941', 'temperature': 71.2}
2025-09-21 21:27:24 | INFO | Processed JSON message: {'timestamp': '2025-09-22T02:27:12.703506', 'temperature': 70.4}
2025-09-21 21:27:24 | INFO | High temp threshold: 90.0°F
2025-09-21 21:27:24 | ERROR | Error processing message '{"timestamp": "2025-09-22T02:27:12.703506", "temperature": 70.4}': name 'high_temp_threshold' is not defined
2025-09-21 21:27:24 | INFO | Processed JSON message: {'timestamp': '2025-09-22T02:27:17.705637', 'temperature': 70.8}
2025-09-21 21:27:24 | INFO | High temp threshold: 90.0°F
2025-09-21 21:27:24 | ERROR | Error processing message '{"timestamp": "2025-09-22T02:27:17.705637", "temperature": 70.8}': name 'high_temp_threshold' is not defined
2025-09-21 21:27:24 | INFO | Processed JSON message: {'timestamp': '2025-09-22T02:27:22.707941', 'temperature': 71.2}
2025-09-21 21:27:24 | INFO | High temp threshold: 90.0°F
2025-09-21 21:27:24 | ERROR | Error processing message '{"timestamp": "2025-09-22T02:27:22.707941", "temperature": 71.2}': name 'high_temp_threshold' is not defined
2025-09-21 21:27:27 | INFO | Sent message to topic 'smoker_csv': {'timestamp': '2025-09-22T02:27:27.710175', 'temperature': 71.6}
2025-09-21 21:27:27 | INFO | Processed JSON message: {'timestamp': '2025-09-22T02:27:27.710175', 'temperature': 71.6}
2025-09-21 21:27:27 | INFO | High temp threshold: 90.0°F
2025-09-21 21:27:27 | ERROR | Error processing message '{"timestamp": "2025-09-22T02:27:27.710175", "temperature": 71.6}': name 'high_temp_threshold' is not defined
2025-09-21 21:27:32 | INFO | Sent message to topic 'smoker_csv': {'timestamp': '2025-09-22T02:27:32.713462', 'temperature': 72.0}
2025-09-21 21:27:32 | INFO | Processed JSON message: {'timestamp': '2025-09-22T02:27:32.713462', 'temperature': 72.0}
2025-09-21 21:27:32 | INFO | High temp threshold: 90.0°F
2025-09-21 21:27:32 | ERROR | Error processing message '{"timestamp": "2025-09-22T02:27:32.713462", "temperature": 72.0}': name 'high_temp_threshold' is not defined
2025-09-21 21:27:37 | INFO | Sent message to topic 'smoker_csv': {'timestamp': '2025-09-22T02:27:37.716011', 'temperature': 72.4}
2025-09-21 21:27:37 | INFO | Processed JSON message: {'timestamp': '2025-09-22T02:27:37.716011', 'temperature': 72.4}
2025-09-21 21:27:37 | INFO | High temp threshold: 90.0°F
2025-09-21 21:27:37 | ERROR | Error processing message '{"timestamp": "2025-09-22T02:27:37.716011", "temperature": 72.4}': name 'high_temp_threshold' is not defined
2025-09-21 21:27:42 | INFO | Sent message to topic 'smoker_csv': {'timestamp': '2025-09-22T02:27:42.717851', 'temperature': 72.8}
2025-09-21 21:27:42 | INFO | Processed JSON message: {'timestamp': '2025-09-22T02:27:42.717851', 'temperature': 72.8}
2025-09-21 21:27:42 | INFO | High temp threshold: 90.0°F
2025-09-21 21:27:42 | ERROR | Error processing message '{"timestamp": "2025-09-22T02:27:42.717851", "temperature": 72.8}': name 'high_temp_threshold' is not defined
2025-09-21 21:27:47 | INFO | Sent message to topic 'smoker_csv': {'timestamp': '2025-09-22T02:27:47.720200', 'temperature': 73.2}
2025-09-21 21:27:47 | INFO | Processed JSON message: {'timestamp': '2025-09-22T02:27:47.720200', 'temperature': 73.2}
2025-09-21 21:27:47 | INFO | High temp threshold: 90.0°F
2025-09-21 21:27:47 | ERROR | Error processing message '{"timestamp": "2025-09-22T02:27:47.720200", "temperature": 73.2}': name 'high_temp_threshold' is not defined
2025-09-21 21:27:52 | INFO | Sent message to topic 'smoker_csv': {'timestamp': '2025-09-22T02:27:52.721391', 'temperature': 73.6}
2025-09-21 21:27:52 | INFO | Processed JSON message: {'timestamp': '2025-09-22T02:27:52.721391', 'temperature': 73.6}
2025-09-21 21:27:52 | INFO | High temp threshold: 90.0°F
2025-09-21 21:27:52 | ERROR | Error processing message '{"timestamp": "2025-09-22T02:27:52.721391", "temperature": 73.6}': name 'high_temp_threshold' is not defined
2025-09-21 21:27:57 | INFO | Sent message to topic 'smoker_csv': {'timestamp': '2025-09-22T02:27:57.723338', 'temperature': 74.0}
2025-09-21 21:27:57 | INFO | Processed JSON message: {'timestamp': '2025-09-22T02:27:57.723338', 'temperature': 74.0}
2025-09-21 21:27:57 | INFO | High temp threshold: 90.0°F
2025-09-21 21:27:57 | ERROR | Error processing message '{"timestamp": "2025-09-22T02:27:57.723338", "temperature": 74.0}': name 'high_temp_threshold' is not defined
2025-09-21 21:28:02 | INFO | Sent message to topic 'smoker_csv': {'timestamp': '2025-09-22T02:28:02.726546', 'temperature': 74.4}
2025-09-21 21:28:02 | INFO | Processed JSON message: {'timestamp': '2025-09-22T02:28:02.726546', 'temperature': 74.4}
2025-09-21 21:28:02 | INFO | High temp threshold: 90.0°F
2025-09-21 21:28:02 | ERROR | Error processing message '{"timestamp": "2025-09-22T02:28:02.726546", "temperature": 74.4}': name 'high_temp_threshold' is not defined
2025-09-21 21:28:07 | INFO | Sent message to topic 'smoker_csv': {'timestamp': '2025-09-22T02:28:07.729351', 'temperature': 74.8}
2025-09-21 21:28:07 | INFO | Processed JSON message: {'timestamp': '2025-09-22T02:28:07.729351', 'temperature': 74.8}
2025-09-21 21:28:07 | INFO | High temp threshold: 90.0°F
2025-09-21 21:28:07 | ERROR | Error processing message '{"timestamp": "2025-09-22T02:28:07.729351", "temperature": 74.8}': name 'high_temp_threshold' is not defined
2025-09-21 21:28:12 | INFO | Sent message to topic 'smoker_csv': {'timestamp': '2025-09-22T02:28:12.732103', 'temperature': 75.2}
2025-09-21 21:28:12 | INFO | Processed JSON message: {'timestamp': '2025-09-22T02:28:12.732103', 'temperature': 75.2}
2025-09-21 21:28:12 | INFO | High temp threshold: 90.0°F
2025-09-21 21:28:12 | ERROR | Error processing message '{"timestamp": "2025-09-22T02:28:12.732103", "temperature": 75.2}': name 'high_temp_threshold' is not defined
2025-09-21 21:28:17 | INFO | Sent message to topic 'smoker_csv': {'timestamp': '2025-09-22T02:28:17.734176', 'temperature': 75.6}
2025-09-21 21:28:17 | INFO | Processed JSON message: {'timestamp': '2025-09-22T02:28:17.734176', 'temperature': 75.6}
2025-09-21 21:28:17 | INFO | High temp threshold: 90.0°F
2025-09-21 21:28:17 | ERROR | Error processing message '{"timestamp": "2025-09-22T02:28:17.734176", "temperature": 75.6}': name 'high_temp_threshold' is not defined
2025-09-21 21:28:22 | INFO | Sent message to topic 'smoker_csv': {'timestamp': '2025-09-22T02:28:22.735685', 'temperature': 76.0}
2025-09-21 21:28:22 | INFO | Processed JSON message: {'timestamp': '2025-09-22T02:28:22.735685', 'temperature': 76.0}
2025-09-21 21:28:22 | INFO | High temp threshold: 90.0°F
2025-09-21 21:28:22 | ERROR | Error processing message '{"timestamp": "2025-09-22T02:28:22.735685", "temperature": 76.0}': name 'high_temp_threshold' is not defined
2025-09-21 21:28:27 | INFO | Sent message to topic 'smoker_csv': {'timestamp': '2025-09-22T02:28:27.738582', 'temperature': 76.4}
2025-09-21 21:28:27 | INFO | Processed JSON message: {'timestamp': '2025-09-22T02:28:27.738582', 'temperature': 76.4}
2025-09-21 21:28:27 | INFO | High temp threshold: 90.0°F
2025-09-21 21:28:27 | ERROR | Error processing message '{"timestamp": "2025-09-22T02:28:27.738582", "temperature": 76.4}': name 'high_temp_threshold' is not defined
2025-09-21 21:28:32 | INFO | Sent message to topic 'smoker_csv': {'timestamp': '2025-09-22T02:28:32.739887', 'temperature': 76.8}
2025-09-21 21:28:32 | INFO | Processed JSON message: {'timestamp': '2025-09-22T02:28:32.739887', 'temperature': 76.8}
2025-09-21 21:28:32 | INFO | High temp threshold: 90.0°F
2025-09-21 21:28:32 | ERROR | Error processing message '{"timestamp": "2025-09-22T02:28:32.739887", "temperature": 76.8}': name 'high_temp_threshold' is not defined
2025-09-21 21:28:37 | INFO | Sent message to topic 'smoker_csv': {'timestamp': '2025-09-22T02:28:37.742045', 'temperature': 77.2}
2025-09-21 21:28:37 | INFO | Processed JSON message: {'timestamp': '2025-09-22T02:28:37.742045', 'temperature': 77.2}
2025-09-21 21:28:37 | INFO | High temp threshold: 90.0°F
2025-09-21 21:28:37 | ERROR | Error processing message '{"timestamp": "2025-09-22T02:28:37.742045", "temperature": 77.2}': name 'high_temp_threshold' is not defined
2025-09-21 21:28:42 | INFO | Sent message to topic 'smoker_csv': {'timestamp': '2025-09-22T02:28:42.744408', 'temperature': 77.6}
2025-09-21 21:28:42 | INFO | Processed JSON message: {'timestamp': '2025-09-22T02:28:42.744408', 'temperature': 77.6}
2025-09-21 21:28:42 | INFO | High temp threshold: 90.0°F
2025-09-21 21:28:42 | ERROR | Error processing message '{"timestamp": "2025-09-22T02:28:42.744408", "temperature": 77.6}': name 'high_temp_threshold' is not defined
2025-09-21 21:28:47 | INFO | Sent message to topic 'smoker_csv': {'timestamp': '2025-09-22T02:28:47.747273', 'temperature': 78.0}
2025-09-21 21:28:47 | INFO | Processed JSON message: {'timestamp': '2025-09-22T02:28:47.747273', 'temperature': 78.0}
2025-09-21 21:28:47 | INFO | High temp threshold: 90.0°F
2025-09-21 21:28:47 | ERROR | Error processing message '{"timestamp": "2025-09-22T02:28:47.747273", "temperature": 78.0}': name 'high_temp_threshold' is not defined
2025-09-21 21:28:52 | INFO | Sent message to topic 'smoker_csv': {'timestamp': '2025-09-22T02:28:52.748298', 'temperature': 78.4}
2025-09-21 21:28:52 | INFO | Processed JSON message: {'timestamp': '2025-09-22T02:28:52.748298', 'temperature': 78.4}
2025-09-21 21:28:52 | INFO | High temp threshold: 90.0°F
2025-09-21 21:28:52 | ERROR | Error processing message '{"timestamp": "2025-09-22T02:28:52.748298", "temperature": 78.4}': name 'high_temp_threshold' is not defined
2025-09-21 21:28:57 | INFO | Sent message to topic 'smoker_csv': {'timestamp': '2025-09-22T02:28:57.750795', 'temperature': 78.8}
2025-09-21 21:28:57 | INFO | Processed JSON message: {'timestamp': '2025-09-22T02:28:57.750795', 'temperature': 78.8}
2025-09-21 21:28:57 | INFO | High temp threshold: 90.0°F
2025-09-21 21:28:57 | ERROR | Error processing message '{"timestamp": "2025-09-22T02:28:57.750795", "temperature": 78.8}': name 'high_temp_threshold' is not defined
2025-09-21 21:29:02 | INFO | Sent message to topic 'smoker_csv': {'timestamp': '2025-09-22T02:29:02.753945', 'temperature': 79.2}
2025-09-21 21:29:02 | INFO | Processed JSON message: {'timestamp': '2025-09-22T02:29:02.753945', 'temperature': 79.2}
2025-09-21 21:29:02 | INFO | High temp threshold: 90.0°F
2025-09-21 21:29:02 | ERROR | Error processing message '{"timestamp": "2025-09-22T02:29:02.753945", "temperature": 79.2}': name 'high_temp_threshold' is not defined
2025-09-21 21:29:07 | INFO | Sent message to topic 'smoker_csv': {'timestamp': '2025-09-22T02:29:07.757627', 'temperature': 79.6}
2025-09-21 21:29:07 | INFO | Processed JSON message: {'timestamp': '2025-09-22T02:29:07.757627', 'temperature': 79.6}
2025-09-21 21:29:07 | INFO | High temp threshold: 90.0°F
2025-09-21 21:29:07 | ERROR | Error processing message '{"timestamp": "2025-09-22T02:29:07.757627", "temperature": 79.6}': name 'high_temp_threshold' is not defined
2025-09-21 21:29:12 | INFO | Sent message to topic 'smoker_csv': {'timestamp': '2025-09-22T02:29:12.760435', 'temperature': 80.0}
2025-09-21 21:29:12 | INFO | Processed JSON message: {'timestamp': '2025-09-22T02:29:12.760435', 'temperature': 80.0}
2025-09-21 21:29:12 | INFO | High temp threshold: 90.0°F
2025-09-21 21:29:12 | ERROR | Error processing message '{"timestamp": "2025-09-22T02:29:12.760435", "temperature": 80.0}': name 'high_temp_threshold' is not defined
2025-09-21 21:29:17 | INFO | Sent message to topic 'smoker_csv': {'timestamp': '2025-09-22T02:29:17.761887', 'temperature': 80.4}
2025-09-21 21:29:17 | INFO | Processed JSON message: {'timestamp': '2025-09-22T02:29:17.761887', 'temperature': 80.4}
2025-09-21 21:29:17 | INFO | High temp threshold: 90.0°F
2025-09-21 21:29:17 | ERROR | Error processing message '{"timestamp": "2025-09-22T02:29:17.761887", "temperature": 80.4}': name 'high_temp_threshold' is not defined
2025-09-21 21:29:22 | INFO | Sent message to topic 'smoker_csv': {'timestamp': '2025-09-22T02:29:22.764767', 'temperature': 80.8}
2025-09-21 21:29:22 | INFO | Processed JSON message: {'timestamp': '2025-09-22T02:29:22.764767', 'temperature': 80.8}
2025-09-21 21:29:22 | INFO | High temp threshold: 90.0°F
2025-09-21 21:29:22 | ERROR | Error processing message '{"timestamp": "2025-09-22T02:29:22.764767", "temperature": 80.8}': name 'high_temp_threshold' is not defined
2025-09-21 21:29:27 | INFO | Sent message to topic 'smoker_csv': {'timestamp': '2025-09-22T02:29:27.767651', 'temperature': 81.2}
2025-09-21 21:29:27 | INFO | Processed JSON message: {'timestamp': '2025-09-22T02:29:27.767651', 'temperature': 81.2}
2025-09-21 21:29:27 | INFO | High temp threshold: 90.0°F
2025-09-21 21:29:27 | ERROR | Error processing message '{"timestamp": "2025-09-22T02:29:27.767651", "temperature": 81.2}': name 'high_temp_threshold' is not defined
2025-09-21 21:29:32 | INFO | Sent message to topic 'smoker_csv': {'timestamp': '2025-09-22T02:29:32.769155', 'temperature': 81.6}
2025-09-21 21:29:32 | INFO | Processed JSON message: {'timestamp': '2025-09-22T02:29:32.769155', 'temperature': 81.6}
2025-09-21 21:29:32 | INFO | High temp threshold: 90.0°F
2025-09-21 21:29:32 | ERROR | Error processing message '{"timestamp": "2025-09-22T02:29:32.769155", "temperature": 81.6}': name 'high_temp_threshold' is not defined
2025-09-21 21:29:37 | INFO | Sent message to topic 'smoker_csv': {'timestamp': '2025-09-22T02:29:37.772161', 'temperature': 82.0}
2025-09-21 21:29:37 | INFO | Processed JSON message: {'timestamp': '2025-09-22T02:29:37.772161', 'temperature': 82.0}
2025-09-21 21:29:37 | INFO | High temp threshold: 90.0°F
2025-09-21 21:29:37 | ERROR | Error processing message '{"timestamp": "2025-09-22T02:29:37.772161", "temperature": 82.0}': name 'high_temp_threshold' is not defined
2025-09-21 21:29:42 | INFO | Sent message to topic 'smoker_csv': {'timestamp': '2025-09-22T02:29:42.773948', 'temperature': 82.4}
2025-09-21 21:29:42 | INFO | Processed JSON message: {'timestamp': '2025-09-22T02:29:42.773948', 'temperature': 82.4}
2025-09-21 21:29:42 | INFO | High temp threshold: 90.0°F
2025-09-21 21:29:42 | ERROR | Error processing message '{"timestamp": "2025-09-22T02:29:42.773948", "temperature": 82.4}': name 'high_temp_threshold' is not defined
2025-09-21 21:29:47 | INFO | Sent message to topic 'smoker_csv': {'timestamp': '2025-09-22T02:29:47.774957', 'temperature': 82.8}
2025-09-21 21:29:47 | INFO | Processed JSON message: {'timestamp': '2025-09-22T02:29:47.774957', 'temperature': 82.8}
2025-09-21 21:29:47 | INFO | High temp threshold: 90.0°F
2025-09-21 21:29:47 | ERROR | Error processing message '{"timestamp": "2025-09-22T02:29:47.774957", "temperature": 82.8}': name 'high_temp_threshold' is not defined
2025-09-21 21:29:52 | INFO | Sent message to topic 'smoker_csv': {'timestamp': '2025-09-22T02:29:52.775883', 'temperature': 83.2}
2025-09-21 21:29:52 | INFO | Processed JSON message: {'timestamp': '2025-09-22T02:29:52.775883', 'temperature': 83.2}
2025-09-21 21:29:52 | INFO | High temp threshold: 90.0°F
2025-09-21 21:29:52 | ERROR | Error processing message '{"timestamp": "2025-09-22T02:29:52.775883", "temperature": 83.2}': name 'high_temp_threshold' is not defined
2025-09-21 21:29:57 | INFO | Sent message to topic 'smoker_csv': {'timestamp': '2025-09-22T02:29:57.776684', 'temperature': 83.6}
2025-09-21 21:29:57 | INFO | Processed JSON message: {'timestamp': '2025-09-22T02:29:57.776684', 'temperature': 83.6}
2025-09-21 21:29:57 | INFO | High temp threshold: 90.0°F
2025-09-21 21:29:57 | ERROR | Error processing message '{"timestamp": "2025-09-22T02:29:57.776684", "temperature": 83.6}': name 'high_temp_threshold' is not defined
2025-09-21 21:30:02 | INFO | Sent message to topic 'smoker_csv': {'timestamp': '2025-09-22T02:30:02.777676', 'temperature': 84.0}
2025-09-21 21:30:02 | INFO | Processed JSON message: {'timestamp': '2025-09-22T02:30:02.777676', 'temperature': 84.0}
2025-09-21 21:30:02 | INFO | High temp threshold: 90.0°F
2025-09-21 21:30:02 | ERROR | Error processing message '{"timestamp": "2025-09-22T02:30:02.777676", "temperature": 84.0}': name 'high_temp_threshold' is not defined
2025-09-21 21:30:07 | INFO | Sent message to topic 'smoker_csv': {'timestamp': '2025-09-22T02:30:07.779865', 'temperature': 84.4}
2025-09-21 21:30:07 | INFO | Processed JSON message: {'timestamp': '2025-09-22T02:30:07.779865', 'temperature': 84.4}
2025-09-21 21:30:07 | INFO | High temp threshold: 90.0°F
2025-09-21 21:30:07 | ERROR | Error processing message '{"timestamp": "2025-09-22T02:30:07.779865", "temperature": 84.4}': name 'high_temp_threshold' is not defined
2025-09-21 21:30:12 | INFO | Sent message to topic 'smoker_csv': {'timestamp': '2025-09-22T02:30:12.781604', 'temperature': 84.8}
2025-09-21 21:30:12 | INFO | Processed JSON message: {'timestamp': '2025-09-22T02:30:12.781604', 'temperature': 84.8}
2025-09-21 21:30:12 | INFO | High temp threshold: 90.0°F
2025-09-21 21:30:12 | ERROR | Error processing message '{"timestamp": "2025-09-22T02:30:12.781604", "temperature": 84.8}': name 'high_temp_threshold' is not defined
2025-09-21 21:30:17 | INFO | Sent message to topic 'smoker_csv': {'timestamp': '2025-09-22T02:30:17.782911', 'temperature': 85.2}
2025-09-21 21:30:17 | INFO | Processed JSON message: {'timestamp': '2025-09-22T02:30:17.782911', 'temperature': 85.2}
2025-09-21 21:30:17 | INFO | High temp threshold: 90.0°F
2025-09-21 21:30:17 | ERROR | Error processing message '{"timestamp": "2025-09-22T02:30:17.782911", "temperature": 85.2}': name 'high_temp_threshold' is not defined
2025-09-21 21:30:22 | INFO | Sent message to topic 'smoker_csv': {'timestamp': '2025-09-22T02:30:22.786330', 'temperature': 85.6}
2025-09-21 21:30:22 | INFO | Processed JSON message: {'timestamp': '2025-09-22T02:30:22.786330', 'temperature': 85.6}
2025-09-21 21:30:22 | INFO | High temp threshold: 90.0°F
2025-09-21 21:30:22 | ERROR | Error processing message '{"timestamp": "2025-09-22T02:30:22.786330", "temperature": 85.6}': name 'high_temp_threshold' is not defined
2025-09-21 21:30:27 | INFO | Sent message to topic 'smoker_csv': {'timestamp': '2025-09-22T02:30:27.788773', 'temperature': 86.0}
2025-09-21 21:30:27 | INFO | Processed JSON message: {'timestamp': '2025-09-22T02:30:27.788773', 'temperature': 86.0}
2025-09-21 21:30:27 | INFO | High temp threshold: 90.0°F
2025-09-21 21:30:27 | ERROR | Error processing message '{"timestamp": "2025-09-22T02:30:27.788773", "temperature": 86.0}': name 'high_temp_threshold' is not defined
2025-09-21 21:30:32 | INFO | Sent message to topic 'smoker_csv': {'timestamp': '2025-09-22T02:30:32.791203', 'temperature': 86.4}
2025-09-21 21:30:32 | INFO | Processed JSON message: {'timestamp': '2025-09-22T02:30:32.791203', 'temperature': 86.4}
2025-09-21 21:30:32 | INFO | High temp threshold: 90.0°F
2025-09-21 21:30:32 | ERROR | Error processing message '{"timestamp": "2025-09-22T02:30:32.791203", "temperature": 86.4}': name 'high_temp_threshold' is not defined
2025-09-21 21:30:37 | INFO | Sent message to topic 'smoker_csv': {'timestamp': '2025-09-22T02:30:37.792433', 'temperature': 86.8}
2025-09-21 21:30:37 | INFO | Processed JSON message: {'timestamp': '2025-09-22T02:30:37.792433', 'temperature': 86.8}
2025-09-21 21:30:37 | INFO | High temp threshold: 90.0°F
2025-09-21 21:30:37 | ERROR | Error processing message '{"timestamp": "2025-09-22T02:30:37.792433", "temperature": 86.8}': name 'high_temp_threshold' is not defined
2025-09-21 21:30:42 | INFO | Sent message to topic 'smoker_csv': {'timestamp': '2025-09-22T02:30:42.795461', 'temperature': 87.2}
2025-09-21 21:30:42 | INFO | Processed JSON message: {'timestamp': '2025-09-22T02:30:42.795461', 'temperature': 87.2}
2025-09-21 21:30:42 | INFO | High temp threshold: 90.0°F
2025-09-21 21:30:42 | ERROR | Error processing message '{"timestamp": "2025-09-22T02:30:42.795461", "temperature": 87.2}': name 'high_temp_threshold' is not defined
2025-09-21 21:30:47 | INFO | Sent message to topic 'smoker_csv': {'timestamp': '2025-09-22T02:30:47.796637', 'temperature': 87.6}
2025-09-21 21:30:47 | INFO | Processed JSON message: {'timestamp': '2025-09-22T02:30:47.796637', 'temperature': 87.6}
2025-09-21 21:30:47 | INFO | High temp threshold: 90.0°F
2025-09-21 21:30:47 | ERROR | Error processing message '{"timestamp": "2025-09-22T02:30:47.796637", "temperature": 87.6}': name 'high_temp_threshold' is not defined
2025-09-21 21:30:52 | INFO | Sent message to topic 'smoker_csv': {'timestamp': '2025-09-22T02:30:52.797833', 'temperature': 88.0}
2025-09-21 21:30:52 | INFO | Processed JSON message: {'timestamp': '2025-09-22T02:30:52.797833', 'temperature': 88.0}
2025-09-21 21:30:52 | INFO | High temp threshold: 90.0°F
2025-09-21 21:30:52 | ERROR | Error processing message '{"timestamp": "2025-09-22T02:30:52.797833", "temperature": 88.0}': name 'high_temp_threshold' is not defined
2025-09-21 21:30:57 | INFO | Sent message to topic 'smoker_csv': {'timestamp': '2025-09-22T02:30:57.798794', 'temperature': 88.4}
2025-09-21 21:30:57 | INFO | Processed JSON message: {'timestamp': '2025-09-22T02:30:57.798794', 'temperature': 88.4}
2025-09-21 21:30:57 | INFO | High temp threshold: 90.0°F
2025-09-21 21:30:57 | ERROR | Error processing message '{"timestamp": "2025-09-22T02:30:57.798794", "temperature": 88.4}': name 'high_temp_threshold' is not defined
2025-09-21 21:31:02 | INFO | Sent message to topic 'smoker_csv': {'timestamp': '2025-09-22T02:31:02.799951', 'temperature': 88.8}
2025-09-21 21:31:02 | INFO | Processed JSON message: {'timestamp': '2025-09-22T02:31:02.799951', 'temperature': 88.8}
2025-09-21 21:31:02 | INFO | High temp threshold: 90.0°F
2025-09-21 21:31:02 | ERROR | Error processing message '{"timestamp": "2025-09-22T02:31:02.799951", "temperature": 88.8}': name 'high_temp_threshold' is not defined
2025-09-21 21:31:07 | INFO | Sent message to topic 'smoker_csv': {'timestamp': '2025-09-22T02:31:07.801934', 'temperature': 89.2}
2025-09-21 21:31:07 | INFO | Processed JSON message: {'timestamp': '2025-09-22T02:31:07.801934', 'temperature': 89.2}
2025-09-21 21:31:07 | INFO | High temp threshold: 90.0°F
2025-09-21 21:31:07 | ERROR | Error processing message '{"timestamp": "2025-09-22T02:31:07.801934", "temperature": 89.2}': name 'high_temp_threshold' is not defined
2025-09-21 21:31:12 | INFO | Sent message to topic 'smoker_csv': {'timestamp': '2025-09-22T02:31:12.803788', 'temperature': 89.6}
2025-09-21 21:31:12 | INFO | Processed JSON message: {'timestamp': '2025-09-22T02:31:12.803788', 'temperature': 89.6}
2025-09-21 21:31:12 | INFO | High temp threshold: 90.0°F
2025-09-21 21:31:12 | ERROR | Error processing message '{"timestamp": "2025-09-22T02:31:12.803788", "temperature": 89.6}': name 'high_temp_threshold' is not defined
2025-09-21 21:31:17 | INFO | Sent message to topic 'smoker_csv': {'timestamp': '2025-09-22T02:31:17.805911', 'temperature': 90.0}
2025-09-21 21:31:17 | INFO | Processed JSON message: {'timestamp': '2025-09-22T02:31:17.805911', 'temperature': 90.0}
2025-09-21 21:31:17 | INFO | High temp threshold: 90.0°F
2025-09-21 21:31:17 | ERROR | Error processing message '{"timestamp": "2025-09-22T02:31:17.805911", "temperature": 90.0}': name 'high_temp_threshold' is not defined
2025-09-21 21:31:22 | INFO | Sent message to topic 'smoker_csv': {'timestamp': '2025-09-22T02:31:22.808141', 'temperature': 90.4}
2025-09-21 21:31:22 | INFO | Processed JSON message: {'timestamp': '2025-09-22T02:31:22.808141', 'temperature': 90.4}
2025-09-21 21:31:22 | INFO | High temp threshold: 90.0°F
2025-09-21 21:31:22 | ERROR | Error processing message '{"timestamp": "2025-09-22T02:31:22.808141", "temperature": 90.4}': name 'high_temp_threshold' is not defined
2025-09-21 21:31:27 | INFO | Sent message to topic 'smoker_csv': {'timestamp': '2025-09-22T02:31:27.809118', 'temperature': 90.8}
2025-09-21 21:31:27 | INFO | Processed JSON message: {'timestamp': '2025-09-22T02:31:27.809118', 'temperature': 90.8}
2025-09-21 21:31:27 | INFO | High temp threshold: 90.0°F
2025-09-21 21:31:27 | ERROR | Error processing message '{"timestamp": "2025-09-22T02:31:27.809118", "temperature": 90.8}': name 'high_temp_threshold' is not defined
2025-09-21 21:31:32 | INFO | Sent message to topic 'smoker_csv': {'timestamp': '2025-09-22T02:31:32.810311', 'temperature': 91.2}
2025-09-21 21:31:32 | INFO | Processed JSON message: {'timestamp': '2025-09-22T02:31:32.810311', 'temperature': 91.2}
2025-09-21 21:31:32 | INFO | High temp threshold: 90.0°F
2025-09-21 21:31:32 | ERROR | Error processing message '{"timestamp": "2025-09-22T02:31:32.810311", "temperature": 91.2}': name 'high_temp_threshold' is not defined
2025-09-21 21:31:37 | INFO | Sent message to topic 'smoker_csv': {'timestamp': '2025-09-22T02:31:37.812570', 'temperature': 91.6}
2025-09-21 21:31:37 | INFO | Processed JSON message: {'timestamp': '2025-09-22T02:31:37.812570', 'temperature': 91.6}
2025-09-21 21:31:37 | INFO | High temp threshold: 90.0°F
2025-09-21 21:31:37 | ERROR | Error processing message '{"timestamp": "2025-09-22T02:31:37.812570", "temperature": 91.6}': name 'high_temp_threshold' is not defined
2025-09-21 21:31:42 | INFO | Sent message to topic 'smoker_csv': {'timestamp': '2025-09-22T02:31:42.813728', 'temperature': 92.0}
2025-09-21 21:31:42 | INFO | Processed JSON message: {'timestamp': '2025-09-22T02:31:42.813728', 'temperature': 92.0}
2025-09-21 21:31:42 | INFO | High temp threshold: 90.0°F
2025-09-21 21:31:42 | ERROR | Error processing message '{"timestamp": "2025-09-22T02:31:42.813728", "temperature": 92.0}': name 'high_temp_threshold' is not defined
2025-09-21 21:31:47 | INFO | Processed JSON message: {'timestamp': '2025-09-22T02:31:47.839332', 'temperature': 92.4}
2025-09-21 21:31:47 | INFO | High temp threshold: 90.0°F
2025-09-21 21:31:47 | ERROR | Error processing message '{"timestamp": "2025-09-22T02:31:47.839332", "temperature": 92.4}': name 'high_temp_threshold' is not defined
2025-09-21 21:31:47 | INFO | Sent message to topic 'smoker_csv': {'timestamp': '2025-09-22T02:31:47.839332', 'temperature': 92.4}
2025-09-21 21:31:52 | INFO | Sent message to topic 'smoker_csv': {'timestamp': '2025-09-22T02:31:52.860360', 'temperature': 92.8}
2025-09-21 21:31:52 | INFO | Processed JSON message: {'timestamp': '2025-09-22T02:31:52.860360', 'temperature': 92.8}
2025-09-21 21:31:52 | INFO | High temp threshold: 90.0°F
2025-09-21 21:31:52 | ERROR | Error processing message '{"timestamp": "2025-09-22T02:31:52.860360", "temperature": 92.8}': name 'high_temp_threshold' is not defined
2025-09-21 21:31:57 | INFO | Sent message to topic 'smoker_csv': {'timestamp': '2025-09-22T02:31:57.863344', 'temperature': 93.2}
2025-09-21 21:31:57 | INFO | Processed JSON message: {'timestamp': '2025-09-22T02:31:57.863344', 'temperature': 93.2}
2025-09-21 21:31:57 | INFO | High temp threshold: 90.0°F
2025-09-21 21:31:57 | ERROR | Error processing message '{"timestamp": "2025-09-22T02:31:57.863344", "temperature": 93.2}': name 'high_temp_threshold' is not defined
2025-09-21 21:32:02 | INFO | Sent message to topic 'smoker_csv': {'timestamp': '2025-09-22T02:32:02.866612', 'temperature': 93.6}
2025-09-21 21:32:02 | INFO | Processed JSON message: {'timestamp': '2025-09-22T02:32:02.866612', 'temperature': 93.6}
2025-09-21 21:32:02 | INFO | High temp threshold: 90.0°F
2025-09-21 21:32:02 | ERROR | Error processing message '{"timestamp": "2025-09-22T02:32:02.866612", "temperature": 93.6}': name 'high_temp_threshold' is not defined
2025-09-21 21:32:07 | INFO | Sent message to topic 'smoker_csv': {'timestamp': '2025-09-22T02:32:07.868459', 'temperature': 94.0}
2025-09-21 21:32:07 | INFO | Processed JSON message: {'timestamp': '2025-09-22T02:32:07.868459', 'temperature': 94.0}
2025-09-21 21:32:07 | INFO | High temp threshold: 90.0°F
2025-09-21 21:32:07 | ERROR | Error processing message '{"timestamp": "2025-09-22T02:32:07.868459", "temperature": 94.0}': name 'high_temp_threshold' is not defined
2025-09-21 21:32:12 | INFO | Sent message to topic 'smoker_csv': {'timestamp': '2025-09-22T02:32:12.870804', 'temperature': 94.4}
2025-09-21 21:32:12 | INFO | Processed JSON message: {'timestamp': '2025-09-22T02:32:12.870804', 'temperature': 94.4}
2025-09-21 21:32:12 | INFO | High temp threshold: 90.0°F
2025-09-21 21:32:12 | ERROR | Error processing message '{"timestamp": "2025-09-22T02:32:12.870804", "temperature": 94.4}': name 'high_temp_threshold' is not defined
2025-09-21 21:32:17 | INFO | Sent message to topic 'smoker_csv': {'timestamp': '2025-09-22T02:32:17.872799', 'temperature': 94.8}
2025-09-21 21:32:17 | INFO | Processed JSON message: {'timestamp': '2025-09-22T02:32:17.872799', 'temperature': 94.8}
2025-09-21 21:32:17 | INFO | High temp threshold: 90.0°F
2025-09-21 21:32:17 | ERROR | Error processing message '{"timestamp": "2025-09-22T02:32:17.872799", "temperature": 94.8}': name 'high_temp_threshold' is not defined
2025-09-21 21:32:22 | INFO | Sent message to topic 'smoker_csv': {'timestamp': '2025-09-22T02:32:22.876057', 'temperature': 95.2}
2025-09-21 21:32:22 | INFO | Processed JSON message: {'timestamp': '2025-09-22T02:32:22.876057', 'temperature': 95.2}
2025-09-21 21:32:22 | INFO | High temp threshold: 90.0°F
2025-09-21 21:32:22 | ERROR | Error processing message '{"timestamp": "2025-09-22T02:32:22.876057", "temperature": 95.2}': name 'high_temp_threshold' is not defined
2025-09-21 21:32:27 | INFO | Sent message to topic 'smoker_csv': {'timestamp': '2025-09-22T02:32:27.878977', 'temperature': 95.6}
2025-09-21 21:32:27 | INFO | Processed JSON message: {'timestamp': '2025-09-22T02:32:27.878977', 'temperature': 95.6}
2025-09-21 21:32:27 | INFO | High temp threshold: 90.0°F
2025-09-21 21:32:27 | ERROR | Error processing message '{"timestamp": "2025-09-22T02:32:27.878977", "temperature": 95.6}': name 'high_temp_threshold' is not defined
2025-09-21 21:32:32 | INFO | Sent message to topic 'smoker_csv': {'timestamp': '2025-09-22T02:32:32.880185', 'temperature': 96.0}
2025-09-21 21:32:32 | INFO | Processed JSON message: {'timestamp': '2025-09-22T02:32:32.880185', 'temperature': 96.0}
2025-09-21 21:32:32 | INFO | High temp threshold: 90.0°F
2025-09-21 21:32:32 | ERROR | Error processing message '{"timestamp": "2025-09-22T02:32:32.880185", "temperature": 96.0}': name 'high_temp_threshold' is not defined
2025-09-21 21:32:37 | WARNING | Consumer interrupted by user.
2025-09-21 21:32:37 | INFO | Kafka consumer for topic 'smoker_csv' closed.
2025-09-21 21:32:37 | INFO | Sent message to topic 'smoker_csv': {'timestamp': '2025-09-22T02:32:37.882031', 'temperature': 96.4}
2025-09-21 21:32:42 | INFO | Sent message to topic 'smoker_csv': {'timestamp': '2025-09-22T02:32:42.883463', 'temperature': 96.8}
2025-09-21 21:32:47 | INFO | Sent message to topic 'smoker_csv': {'timestamp': '2025-09-22T02:32:47.884546', 'temperature': 97.2}
2025-09-21 21:32:52 | INFO | Sent message to topic 'smoker_csv': {'timestamp': '2025-09-22T02:32:52.887263', 'temperature': 97.6}
2025-09-21 21:32:57 | INFO | Logging to file: logs/project_log.log
2025-09-21 21:32:57 | INFO | Log sanitization enabled, personal info removed
2025-09-21 21:32:57 | INFO | START consumer.
2025-09-21 21:32:57 | INFO | Kafka topic: smoker_csv
2025-09-21 21:32:57 | INFO | Kafka consumer group id: smoker_group
2025-09-21 21:32:57 | INFO | Rolling window size: 10
2025-09-21 21:32:57 | INFO | Kafka broker address: localhost:9092
2025-09-21 21:32:57 | INFO | Creating Kafka consumer. Topic='smoker_csv' and group ID='smoker_group'.
2025-09-21 21:32:57 | INFO | Kafka consumer created successfully.
2025-09-21 21:32:57 | INFO | Polling messages from topic 'smoker_csv'...
2025-09-21 21:32:57 | ERROR | Error while consuming messages: Invalid file descriptor: -1
2025-09-21 21:32:57 | INFO | Kafka consumer for topic 'smoker_csv' closed.
2025-09-21 21:32:57 | INFO | Sent message to topic 'smoker_csv': {'timestamp': '2025-09-22T02:32:57.890480', 'temperature': 98.0}
2025-09-21 21:33:02 | INFO | Sent message to topic 'smoker_csv': {'timestamp': '2025-09-22T02:33:02.892437', 'temperature': 98.4}
2025-09-21 21:33:07 | INFO | Sent message to topic 'smoker_csv': {'timestamp': '2025-09-22T02:33:07.894356', 'temperature': 98.8}
2025-09-21 21:33:12 | WARNING | Producer interrupted by user.
2025-09-21 21:33:12 | INFO | Kafka producer closed.
2025-09-21 21:33:12 | INFO | END producer.
