2025-09-18 21:20:18 | INFO | Processed JSON message: {'message': 'This is a buzz message.', 'author': 'Bob'}
2025-09-18 21:20:18 | INFO | Message received from author: Bob
2025-09-18 21:20:18 | INFO | Updated author counts: {'Eve': 23, 'Alice': 37, 'Charlie': 21, 'Diana': 41, 'Bob': 25}
2025-09-18 21:20:18 | INFO | Chart updated successfully for message: {"message": "This is a buzz message.", "author": "Bob"}
2025-09-18 21:20:18 | INFO | {'message': 'I just saw an app! It was exciting.', 'author': 'Charlie'}
2025-09-18 21:20:19 | INFO | Processed JSON message: {'message': 'I just saw an app! It was exciting.', 'author': 'Charlie'}
2025-09-18 21:20:19 | INFO | Message received from author: Charlie
2025-09-18 21:20:19 | INFO | Updated author counts: {'Eve': 44, 'Bob': 45, 'Alice': 45, 'Charlie': 38}
2025-09-18 21:20:19 | INFO | Chart updated successfully for message: {"message": "I just saw an app! It was exciting.", "author": "Charlie"}

2025-09-18 21:20:21 | INFO | Sent message to topic 'buzzline_json': {'message': 'Streaming data is fun.', 'author': 'Diana'}
2025-09-18 21:20:21 | INFO | Processed JSON message: {'message': 'Streaming data is fun.', 'author': 'Diana'}
2025-09-18 21:20:21 | INFO | Message received from author: Diana
2025-09-18 21:20:21 | INFO | Updated author counts: {'Eve': 23, 'Alice': 37, 'Charlie': 21, 'Diana': 42, 'Bob': 25}
2025-09-18 21:20:21 | INFO | Chart updated successfully for message: {"message": "Streaming data is fun.", "author": "Diana"}
2025-09-18 21:20:21 | INFO | {'message': 'I just saw a trick! It was funny.', 'author': 'Eve'}
2025-09-18 21:20:22 | INFO | Processed JSON message: {'message': 'I just saw a trick! It was funny.', 'author': 'Eve'}
2025-09-18 21:20:22 | INFO | Message received from author: Eve
2025-09-18 21:20:22 | INFO | Updated author counts: {'Eve': 45, 'Bob': 45, 'Alice': 45, 'Charlie': 38}
2025-09-18 21:20:22 | INFO | Chart updated successfully for message: {"message": "I just saw a trick! It was funny.", "author": "Eve"}

2025-09-18 21:20:23 | INFO | Sent message to topic 'smoker_csv': {'timestamp': '2025-09-19T02:20:23.039820', 'temperature': 99.2}
2025-09-18 21:20:23 | INFO | Processed JSON message: {'timestamp': '2025-09-19T02:20:23.039820', 'temperature': 99.2}
2025-09-18 21:20:24 | INFO | Sent message to topic 'buzzline_json': {'message': 'Have a great day!', 'author': 'Bob'}
2025-09-18 21:20:24 | INFO | Processed JSON message: {'message': 'Have a great day!', 'author': 'Bob'}
2025-09-18 21:20:24 | INFO | Message received from author: Bob
2025-09-18 21:20:24 | INFO | Updated author counts: {'Eve': 23, 'Alice': 37, 'Charlie': 21, 'Diana': 42, 'Bob': 26}
2025-09-18 21:20:24 | INFO | Chart updated successfully for message: {"message": "Have a great day!", "author": "Bob"}
2025-09-18 21:20:24 | INFO | {'message': 'I just found an app! It was exciting.', 'author': 'Bob'}
2025-09-18 21:20:25 | INFO | Processed JSON message: {'message': 'I just found an app! It was exciting.', 'author': 'Bob'}
2025-09-18 21:20:25 | INFO | Message received from author: Bob
2025-09-18 21:20:25 | INFO | Updated author counts: {'Eve': 45, 'Bob': 46, 'Alice': 45, 'Charlie': 38}
2025-09-18 21:20:25 | INFO | Chart updated successfully for message: {"message": "I just found an app! It was exciting.", "author": "Bob"}

2025-09-18 21:20:27 | INFO | Sent message to topic 'buzzline_json': {'message': 'This is a buzz message.', 'author': 'Eve'}
2025-09-18 21:20:27 | INFO | Processed JSON message: {'message': 'This is a buzz message.', 'author': 'Eve'}
2025-09-18 21:20:27 | INFO | Message received from author: Eve
2025-09-18 21:20:27 | INFO | Updated author counts: {'Eve': 24, 'Alice': 37, 'Charlie': 21, 'Diana': 42, 'Bob': 26}
2025-09-18 21:20:27 | INFO | Chart updated successfully for message: {"message": "This is a buzz message.", "author": "Eve"}
2025-09-18 21:20:27 | INFO | {'message': 'I just saw a meme! It was funny.', 'author': 'Alice'}
2025-09-18 21:20:28 | INFO | Sent message to topic 'smoker_csv': {'timestamp': '2025-09-19T02:20:28.042017', 'temperature': 99.6}
2025-09-18 21:20:28 | INFO | Processed JSON message: {'timestamp': '2025-09-19T02:20:28.042017', 'temperature': 99.6}
2025-09-18 21:20:28 | INFO | Processed JSON message: {'message': 'I just saw a meme! It was funny.', 'author': 'Alice'}
2025-09-18 21:20:28 | INFO | Message received from author: Alice
2025-09-18 21:20:28 | INFO | Updated author counts: {'Eve': 45, 'Bob': 46, 'Alice': 46, 'Charlie': 38}
2025-09-18 21:20:28 | INFO | Chart updated successfully for message: {"message": "I just saw a meme! It was funny.", "author": "Alice"}

2025-09-18 21:20:30 | INFO | Sent message to topic 'buzzline_json': {'message': 'Hello, Kafka world!', 'author': 'Bob'}
2025-09-18 21:20:30 | INFO | Processed JSON message: {'message': 'Hello, Kafka world!', 'author': 'Bob'}
2025-09-18 21:20:30 | INFO | Message received from author: Bob
2025-09-18 21:20:30 | INFO | Updated author counts: {'Eve': 24, 'Alice': 37, 'Charlie': 21, 'Diana': 42, 'Bob': 27}
2025-09-18 21:20:30 | INFO | Chart updated successfully for message: {"message": "Hello, Kafka world!", "author": "Bob"}
2025-09-18 21:20:30 | INFO | {'message': 'I just found an app! It was weird.', 'author': 'Alice'}
2025-09-18 21:20:31 | INFO | Processed JSON message: {'message': 'I just found an app! It was weird.', 'author': 'Alice'}
2025-09-18 21:20:31 | INFO | Message received from author: Alice
2025-09-18 21:20:31 | INFO | Updated author counts: {'Eve': 45, 'Bob': 46, 'Alice': 47, 'Charlie': 38}
2025-09-18 21:20:31 | INFO | Chart updated successfully for message: {"message": "I just found an app! It was weird.", "author": "Alice"}

2025-09-18 21:20:33 | INFO | Sent message to topic 'buzzline_json': {'message': 'This is a buzz message.', 'author': 'Alice'}
2025-09-18 21:20:33 | INFO | Processed JSON message: {'message': 'This is a buzz message.', 'author': 'Alice'}
2025-09-18 21:20:33 | INFO | Sent message to topic 'smoker_csv': {'timestamp': '2025-09-19T02:20:33.043969', 'temperature': 100.0}
2025-09-18 21:20:33 | INFO | Message received from author: Alice
2025-09-18 21:20:33 | INFO | Updated author counts: {'Eve': 24, 'Alice': 38, 'Charlie': 21, 'Diana': 42, 'Bob': 27}
2025-09-18 21:20:33 | INFO | Processed JSON message: {'timestamp': '2025-09-19T02:20:33.043969', 'temperature': 100.0}
2025-09-18 21:20:33 | INFO | Chart updated successfully for message: {"message": "This is a buzz message.", "author": "Alice"}
2025-09-18 21:20:33 | INFO | {'message': 'I just tried a story! It was amazing.', 'author': 'Bob'}
2025-09-18 21:20:34 | INFO | Processed JSON message: {'message': 'I just tried a story! It was amazing.', 'author': 'Bob'}
2025-09-18 21:20:34 | INFO | Message received from author: Bob
2025-09-18 21:20:34 | INFO | Updated author counts: {'Eve': 45, 'Bob': 47, 'Alice': 47, 'Charlie': 38}
2025-09-18 21:20:34 | INFO | Chart updated successfully for message: {"message": "I just tried a story! It was amazing.", "author": "Bob"}

2025-09-18 21:20:36 | INFO | Sent message to topic 'buzzline_json': {'message': 'Streaming data is fun.', 'author': 'Eve'}
2025-09-18 21:20:36 | INFO | Processed JSON message: {'message': 'Streaming data is fun.', 'author': 'Eve'}
2025-09-18 21:20:36 | INFO | Message received from author: Eve
2025-09-18 21:20:36 | INFO | Updated author counts: {'Eve': 25, 'Alice': 38, 'Charlie': 21, 'Diana': 42, 'Bob': 27}
2025-09-18 21:20:36 | INFO | Chart updated successfully for message: {"message": "Streaming data is fun.", "author": "Eve"}
2025-09-18 21:20:36 | INFO | {'message': 'I just found a movie! It was boring.', 'author': 'Eve'}
2025-09-18 21:20:37 | INFO | Processed JSON message: {'message': 'I just found a movie! It was boring.', 'author': 'Eve'}
2025-09-18 21:20:37 | INFO | Message received from author: Eve
2025-09-18 21:20:37 | INFO | Updated author counts: {'Eve': 46, 'Bob': 47, 'Alice': 47, 'Charlie': 38}
2025-09-18 21:20:37 | INFO | Chart updated successfully for message: {"message": "I just found a movie! It was boring.", "author": "Eve"}

2025-09-18 21:20:38 | INFO | Sent message to topic 'smoker_csv': {'timestamp': '2025-09-19T02:20:38.045868', 'temperature': 100.4}
2025-09-18 21:20:38 | INFO | Processed JSON message: {'timestamp': '2025-09-19T02:20:38.045868', 'temperature': 100.4}
2025-09-18 21:20:39 | INFO | Sent message to topic 'buzzline_json': {'message': 'Kafka is awesome.', 'author': 'Alice'}
2025-09-18 21:20:39 | INFO | Processed JSON message: {'message': 'Kafka is awesome.', 'author': 'Alice'}
2025-09-18 21:20:39 | INFO | Message received from author: Alice
2025-09-18 21:20:39 | INFO | Updated author counts: {'Eve': 25, 'Alice': 39, 'Charlie': 21, 'Diana': 42, 'Bob': 27}
2025-09-18 21:20:39 | INFO | Chart updated successfully for message: {"message": "Kafka is awesome.", "author": "Alice"}
2025-09-18 21:20:39 | INFO | {'message': 'I just shared a trick! It was weird.', 'author': 'Alice'}
2025-09-18 21:20:40 | INFO | Processed JSON message: {'message': 'I just shared a trick! It was weird.', 'author': 'Alice'}
2025-09-18 21:20:40 | INFO | Message received from author: Alice
2025-09-18 21:20:40 | INFO | Updated author counts: {'Eve': 46, 'Bob': 47, 'Alice': 48, 'Charlie': 38}
2025-09-18 21:20:40 | INFO | Chart updated successfully for message: {"message": "I just shared a trick! It was weird.", "author": "Alice"}

2025-09-18 21:20:42 | INFO | Sent message to topic 'buzzline_json': {'message': 'JSON makes life easier.', 'author': 'Bob'}
2025-09-18 21:20:42 | INFO | Processed JSON message: {'message': 'JSON makes life easier.', 'author': 'Bob'}
2025-09-18 21:20:42 | INFO | Message received from author: Bob
2025-09-18 21:20:42 | INFO | Updated author counts: {'Eve': 25, 'Alice': 39, 'Charlie': 21, 'Diana': 42, 'Bob': 28}
2025-09-18 21:20:42 | INFO | Chart updated successfully for message: {"message": "JSON makes life easier.", "author": "Bob"}
2025-09-18 21:20:42 | INFO | {'message': 'I just saw a movie! It was funny.', 'author': 'Eve'}
2025-09-18 21:20:43 | INFO | Sent message to topic 'smoker_csv': {'timestamp': '2025-09-19T02:20:43.048913', 'temperature': 100.8}
2025-09-18 21:20:43 | INFO | Processed JSON message: {'timestamp': '2025-09-19T02:20:43.048913', 'temperature': 100.8}
2025-09-18 21:20:43 | INFO | Processed JSON message: {'message': 'I just saw a movie! It was funny.', 'author': 'Eve'}
2025-09-18 21:20:43 | INFO | Message received from author: Eve
2025-09-18 21:20:43 | INFO | Updated author counts: {'Eve': 47, 'Bob': 47, 'Alice': 48, 'Charlie': 38}
2025-09-18 21:20:43 | INFO | Chart updated successfully for message: {"message": "I just saw a movie! It was funny.", "author": "Eve"}

2025-09-18 21:20:45 | INFO | Sent message to topic 'buzzline_json': {'message': 'This is a buzz message.', 'author': 'Charlie'}
2025-09-18 21:20:45 | INFO | Processed JSON message: {'message': 'This is a buzz message.', 'author': 'Charlie'}
2025-09-18 21:20:45 | INFO | Message received from author: Charlie
2025-09-18 21:20:45 | INFO | Updated author counts: {'Eve': 25, 'Alice': 39, 'Charlie': 22, 'Diana': 42, 'Bob': 28}
2025-09-18 21:20:45 | INFO | Chart updated successfully for message: {"message": "This is a buzz message.", "author": "Charlie"}
2025-09-18 21:20:45 | INFO | {'message': 'I just shared a story! It was amazing.', 'author': 'Bob'}
2025-09-18 21:20:46 | INFO | Processed JSON message: {'message': 'I just shared a story! It was amazing.', 'author': 'Bob'}
2025-09-18 21:20:46 | INFO | Message received from author: Bob
2025-09-18 21:20:46 | INFO | Updated author counts: {'Eve': 47, 'Bob': 48, 'Alice': 48, 'Charlie': 38}
2025-09-18 21:20:46 | INFO | Chart updated successfully for message: {"message": "I just shared a story! It was amazing.", "author": "Bob"}

2025-09-18 21:20:48 | INFO | Sent message to topic 'buzzline_json': {'message': 'Have a great day!', 'author': 'Diana'}
2025-09-18 21:20:48 | INFO | Processed JSON message: {'message': 'Have a great day!', 'author': 'Diana'}
2025-09-18 21:20:48 | INFO | Message received from author: Diana
2025-09-18 21:20:48 | INFO | Sent message to topic 'smoker_csv': {'timestamp': '2025-09-19T02:20:48.050730', 'temperature': 101.2}
2025-09-18 21:20:48 | INFO | Processed JSON message: {'timestamp': '2025-09-19T02:20:48.050730', 'temperature': 101.2}
2025-09-18 21:20:48 | INFO | Updated author counts: {'Eve': 25, 'Alice': 39, 'Charlie': 22, 'Diana': 43, 'Bob': 28}
2025-09-18 21:20:48 | INFO | Chart updated successfully for message: {"message": "Have a great day!", "author": "Diana"}
2025-09-18 21:20:48 | INFO | {'message': 'I just shared a trick! It was weird.', 'author': 'Bob'}
2025-09-18 21:20:49 | INFO | Processed JSON message: {'message': 'I just shared a trick! It was weird.', 'author': 'Bob'}
2025-09-18 21:20:49 | INFO | Message received from author: Bob
2025-09-18 21:20:49 | INFO | Updated author counts: {'Eve': 47, 'Bob': 49, 'Alice': 48, 'Charlie': 38}
2025-09-18 21:20:49 | INFO | Chart updated successfully for message: {"message": "I just shared a trick! It was weird.", "author": "Bob"}

2025-09-18 21:20:51 | INFO | Sent message to topic 'buzzline_json': {'message': 'Distributed systems are fascinating.', 'author': 'Bob'}
2025-09-18 21:20:51 | INFO | Processed JSON message: {'message': 'Distributed systems are fascinating.', 'author': 'Bob'}
2025-09-18 21:20:51 | INFO | Message received from author: Bob
2025-09-18 21:20:51 | INFO | Updated author counts: {'Eve': 25, 'Alice': 39, 'Charlie': 22, 'Diana': 43, 'Bob': 29}
2025-09-18 21:20:51 | INFO | Chart updated successfully for message: {"message": "Distributed systems are fascinating.", "author": "Bob"}
2025-09-18 21:20:51 | INFO | {'message': 'I just saw an app! It was exciting.', 'author': 'Bob'}
2025-09-18 21:20:52 | INFO | Processed JSON message: {'message': 'I just saw an app! It was exciting.', 'author': 'Bob'}
2025-09-18 21:20:52 | INFO | Message received from author: Bob
2025-09-18 21:20:52 | INFO | Updated author counts: {'Eve': 47, 'Bob': 50, 'Alice': 48, 'Charlie': 38}
2025-09-18 21:20:52 | INFO | Chart updated successfully for message: {"message": "I just saw an app! It was exciting.", "author": "Bob"}

2025-09-18 21:20:53 | INFO | Sent message to topic 'smoker_csv': {'timestamp': '2025-09-19T02:20:53.052789', 'temperature': 101.6}
2025-09-18 21:20:53 | INFO | Processed JSON message: {'timestamp': '2025-09-19T02:20:53.052789', 'temperature': 101.6}
2025-09-18 21:20:54 | INFO | Sent message to topic 'buzzline_json': {'message': 'Kafka is awesome.', 'author': 'Alice'}
2025-09-18 21:20:54 | INFO | Processed JSON message: {'message': 'Kafka is awesome.', 'author': 'Alice'}
2025-09-18 21:20:54 | INFO | Message received from author: Alice
2025-09-18 21:20:54 | INFO | Updated author counts: {'Eve': 25, 'Alice': 40, 'Charlie': 22, 'Diana': 43, 'Bob': 29}
2025-09-18 21:20:54 | INFO | Chart updated successfully for message: {"message": "Kafka is awesome.", "author": "Alice"}
2025-09-18 21:20:54 | INFO | {'message': 'I just shared an app! It was funny.', 'author': 'Eve'}
2025-09-18 21:20:55 | INFO | Processed JSON message: {'message': 'I just shared an app! It was funny.', 'author': 'Eve'}
2025-09-18 21:20:55 | INFO | Message received from author: Eve
2025-09-18 21:20:55 | INFO | Updated author counts: {'Eve': 48, 'Bob': 50, 'Alice': 48, 'Charlie': 38}
2025-09-18 21:20:55 | INFO | Chart updated successfully for message: {"message": "I just shared an app! It was funny.", "author": "Eve"}

2025-09-18 21:20:57 | INFO | Sent message to topic 'buzzline_json': {'message': 'Streaming data is fun.', 'author': 'Alice'}
2025-09-18 21:20:57 | INFO | Processed JSON message: {'message': 'Streaming data is fun.', 'author': 'Alice'}
2025-09-18 21:20:57 | INFO | Message received from author: Alice
2025-09-18 21:20:57 | INFO | Updated author counts: {'Eve': 25, 'Alice': 41, 'Charlie': 22, 'Diana': 43, 'Bob': 29}
2025-09-18 21:20:57 | INFO | Chart updated successfully for message: {"message": "Streaming data is fun.", "author": "Alice"}
2025-09-18 21:20:57 | INFO | {'message': 'I just tried a meme! It was weird.', 'author': 'Charlie'}
2025-09-18 21:20:58 | INFO | Sent message to topic 'smoker_csv': {'timestamp': '2025-09-19T02:20:58.054834', 'temperature': 102.0}
2025-09-18 21:20:58 | INFO | Processed JSON message: {'timestamp': '2025-09-19T02:20:58.054834', 'temperature': 102.0}
2025-09-18 21:20:58 | INFO | Processed JSON message: {'message': 'I just tried a meme! It was weird.', 'author': 'Charlie'}
2025-09-18 21:20:58 | INFO | Message received from author: Charlie
2025-09-18 21:20:58 | INFO | Updated author counts: {'Eve': 48, 'Bob': 50, 'Alice': 48, 'Charlie': 39}
2025-09-18 21:20:58 | INFO | Chart updated successfully for message: {"message": "I just tried a meme! It was weird.", "author": "Charlie"}

2025-09-18 21:21:00 | INFO | Sent message to topic 'buzzline_json': {'message': 'Have a great day!', 'author': 'Diana'}
2025-09-18 21:21:00 | INFO | Processed JSON message: {'message': 'Have a great day!', 'author': 'Diana'}
2025-09-18 21:21:00 | INFO | Message received from author: Diana
2025-09-18 21:21:00 | INFO | Updated author counts: {'Eve': 25, 'Alice': 41, 'Charlie': 22, 'Diana': 44, 'Bob': 29}
2025-09-18 21:21:00 | INFO | Chart updated successfully for message: {"message": "Have a great day!", "author": "Diana"}
2025-09-18 21:21:01 | INFO | {'message': 'I just saw a movie! It was weird.', 'author': 'Bob'}
2025-09-18 21:21:01 | INFO | Processed JSON message: {'message': 'I just saw a movie! It was weird.', 'author': 'Bob'}
2025-09-18 21:21:01 | INFO | Message received from author: Bob
2025-09-18 21:21:01 | INFO | Updated author counts: {'Eve': 48, 'Bob': 51, 'Alice': 48, 'Charlie': 39}
2025-09-18 21:21:01 | INFO | Chart updated successfully for message: {"message": "I just saw a movie! It was weird.", "author": "Bob"}

2025-09-18 21:21:03 | INFO | Sent message to topic 'buzzline_json': {'message': 'Streaming data is fun.', 'author': 'Alice'}
2025-09-18 21:21:03 | INFO | Processed JSON message: {'message': 'Streaming data is fun.', 'author': 'Alice'}
2025-09-18 21:21:03 | INFO | Message received from author: Alice
2025-09-18 21:21:03 | INFO | Sent message to topic 'smoker_csv': {'timestamp': '2025-09-19T02:21:03.056501', 'temperature': 102.4}
2025-09-18 21:21:03 | INFO | Processed JSON message: {'timestamp': '2025-09-19T02:21:03.056501', 'temperature': 102.4}
2025-09-18 21:21:03 | INFO | Updated author counts: {'Eve': 25, 'Alice': 42, 'Charlie': 22, 'Diana': 44, 'Bob': 29}
2025-09-18 21:21:03 | INFO | Chart updated successfully for message: {"message": "Streaming data is fun.", "author": "Alice"}
2025-09-18 21:21:04 | INFO | {'message': 'I just loved a story! It was exciting.', 'author': 'Bob'}
2025-09-18 21:21:04 | INFO | Processed JSON message: {'message': 'I just loved a story! It was exciting.', 'author': 'Bob'}
2025-09-18 21:21:04 | INFO | Message received from author: Bob
2025-09-18 21:21:04 | INFO | Updated author counts: {'Eve': 48, 'Bob': 52, 'Alice': 48, 'Charlie': 39}
2025-09-18 21:21:04 | INFO | Chart updated successfully for message: {"message": "I just loved a story! It was exciting.", "author": "Bob"}

2025-09-18 21:21:06 | INFO | Sent message to topic 'buzzline_json': {'message': 'This is a buzz message.', 'author': 'Diana'}
2025-09-18 21:21:06 | INFO | Processed JSON message: {'message': 'This is a buzz message.', 'author': 'Diana'}
2025-09-18 21:21:06 | INFO | Message received from author: Diana
2025-09-18 21:21:06 | INFO | Updated author counts: {'Eve': 25, 'Alice': 42, 'Charlie': 22, 'Diana': 45, 'Bob': 29}
2025-09-18 21:21:06 | INFO | Chart updated successfully for message: {"message": "This is a buzz message.", "author": "Diana"}
2025-09-18 21:21:06 | WARNING | Consumer interrupted by user.
2025-09-18 21:21:06 | INFO | Kafka consumer for topic 'smoker_csv' closed.
2025-09-18 21:21:07 | INFO | {'message': 'I just saw a movie! It was amazing.', 'author': 'Charlie'}
2025-09-18 21:21:07 | INFO | Processed JSON message: {'message': 'I just saw a movie! It was amazing.', 'author': 'Charlie'}
2025-09-18 21:21:07 | INFO | Message received from author: Charlie
2025-09-18 21:21:07 | INFO | Updated author counts: {'Eve': 48, 'Bob': 52, 'Alice': 48, 'Charlie': 40}
2025-09-18 21:21:07 | INFO | Chart updated successfully for message: {"message": "I just saw a movie! It was amazing.", "author": "Charlie"}

2025-09-18 21:21:08 | INFO | Sent message to topic 'smoker_csv': {'timestamp': '2025-09-19T02:21:08.056983', 'temperature': 102.8}
2025-09-18 21:21:09 | INFO | Sent message to topic 'buzzline_json': {'message': 'Data engineering is my passion.', 'author': 'Bob'}
2025-09-18 21:21:09 | INFO | Processed JSON message: {'message': 'Data engineering is my passion.', 'author': 'Bob'}
2025-09-18 21:21:09 | INFO | Message received from author: Bob
2025-09-18 21:21:09 | INFO | Updated author counts: {'Eve': 25, 'Alice': 42, 'Charlie': 22, 'Diana': 45, 'Bob': 30}
2025-09-18 21:21:09 | INFO | Chart updated successfully for message: {"message": "Data engineering is my passion.", "author": "Bob"}
2025-09-18 21:21:10 | INFO | {'message': 'I just tried an app! It was funny.', 'author': 'Charlie'}
2025-09-18 21:21:10 | INFO | Processed JSON message: {'message': 'I just tried an app! It was funny.', 'author': 'Charlie'}
2025-09-18 21:21:10 | INFO | Message received from author: Charlie
2025-09-18 21:21:10 | INFO | Updated author counts: {'Eve': 48, 'Bob': 52, 'Alice': 48, 'Charlie': 41}
2025-09-18 21:21:10 | INFO | Chart updated successfully for message: {"message": "I just tried an app! It was funny.", "author": "Charlie"}

2025-09-18 21:21:12 | INFO | Sent message to topic 'buzzline_json': {'message': 'Have a great day!', 'author': 'Diana'}
2025-09-18 21:21:12 | INFO | Processed JSON message: {'message': 'Have a great day!', 'author': 'Diana'}
2025-09-18 21:21:12 | INFO | Message received from author: Diana
2025-09-18 21:21:12 | INFO | Updated author counts: {'Eve': 25, 'Alice': 42, 'Charlie': 22, 'Diana': 46, 'Bob': 30}
2025-09-18 21:21:12 | INFO | Chart updated successfully for message: {"message": "Have a great day!", "author": "Diana"}
2025-09-18 21:21:13 | INFO | {'message': 'I just loved an app! It was amazing.', 'author': 'Bob'}
2025-09-18 21:21:13 | INFO | Sent message to topic 'smoker_csv': {'timestamp': '2025-09-19T02:21:13.059220', 'temperature': 103.2}
2025-09-18 21:21:13 | INFO | Processed JSON message: {'message': 'I just loved an app! It was amazing.', 'author': 'Bob'}
2025-09-18 21:21:13 | INFO | Message received from author: Bob
2025-09-18 21:21:13 | INFO | Updated author counts: {'Eve': 48, 'Bob': 53, 'Alice': 48, 'Charlie': 41}
2025-09-18 21:21:13 | INFO | Chart updated successfully for message: {"message": "I just loved an app! It was amazing.", "author": "Bob"}

2025-09-18 21:21:15 | INFO | Sent message to topic 'buzzline_json': {'message': 'Kafka is awesome.', 'author': 'Alice'}
2025-09-18 21:21:15 | INFO | Processed JSON message: {'message': 'Kafka is awesome.', 'author': 'Alice'}
2025-09-18 21:21:15 | INFO | Message received from author: Alice
2025-09-18 21:21:15 | INFO | Updated author counts: {'Eve': 25, 'Alice': 43, 'Charlie': 22, 'Diana': 46, 'Bob': 30}
2025-09-18 21:21:15 | INFO | Chart updated successfully for message: {"message": "Kafka is awesome.", "author": "Alice"}
2025-09-18 21:21:16 | INFO | {'message': 'I just tried a movie! It was weird.', 'author': 'Bob'}
2025-09-18 21:21:16 | INFO | Processed JSON message: {'message': 'I just tried a movie! It was weird.', 'author': 'Bob'}
2025-09-18 21:21:16 | INFO | Message received from author: Bob
2025-09-18 21:21:16 | INFO | Updated author counts: {'Eve': 48, 'Bob': 54, 'Alice': 48, 'Charlie': 41}
2025-09-18 21:21:16 | INFO | Chart updated successfully for message: {"message": "I just tried a movie! It was weird.", "author": "Bob"}

2025-09-18 21:21:18 | INFO | Sent message to topic 'buzzline_json': {'message': 'Kafka is awesome.', 'author': 'Eve'}
2025-09-18 21:21:18 | INFO | Processed JSON message: {'message': 'Kafka is awesome.', 'author': 'Eve'}
2025-09-18 21:21:18 | INFO | Sent message to topic 'smoker_csv': {'timestamp': '2025-09-19T02:21:18.060373', 'temperature': 103.6}
2025-09-18 21:21:18 | INFO | Message received from author: Eve
2025-09-18 21:21:18 | INFO | Updated author counts: {'Eve': 26, 'Alice': 43, 'Charlie': 22, 'Diana': 46, 'Bob': 30}
2025-09-18 21:21:18 | INFO | Chart updated successfully for message: {"message": "Kafka is awesome.", "author": "Eve"}
2025-09-18 21:21:19 | INFO | {'message': 'I just found a movie! It was exciting.', 'author': 'Charlie'}
2025-09-18 21:21:19 | INFO | Processed JSON message: {'message': 'I just found a movie! It was exciting.', 'author': 'Charlie'}
2025-09-18 21:21:19 | INFO | Message received from author: Charlie
2025-09-18 21:21:19 | INFO | Updated author counts: {'Eve': 48, 'Bob': 54, 'Alice': 48, 'Charlie': 42}
2025-09-18 21:21:19 | INFO | Chart updated successfully for message: {"message": "I just found a movie! It was exciting.", "author": "Charlie"}

2025-09-18 21:21:21 | INFO | Sent message to topic 'buzzline_json': {'message': 'Have a great day!', 'author': 'Diana'}
2025-09-18 21:21:21 | INFO | Processed JSON message: {'message': 'Have a great day!', 'author': 'Diana'}
2025-09-18 21:21:21 | INFO | Message received from author: Diana
2025-09-18 21:21:21 | INFO | Updated author counts: {'Eve': 26, 'Alice': 43, 'Charlie': 22, 'Diana': 47, 'Bob': 30}
2025-09-18 21:21:21 | INFO | Chart updated successfully for message: {"message": "Have a great day!", "author": "Diana"}
2025-09-18 21:21:22 | INFO | {'message': 'I just found a movie! It was funny.', 'author': 'Bob'}
2025-09-18 21:21:22 | INFO | Processed JSON message: {'message': 'I just found a movie! It was funny.', 'author': 'Bob'}
2025-09-18 21:21:22 | INFO | Message received from author: Bob
2025-09-18 21:21:22 | INFO | Updated author counts: {'Eve': 48, 'Bob': 55, 'Alice': 48, 'Charlie': 42}
2025-09-18 21:21:22 | INFO | Chart updated successfully for message: {"message": "I just found a movie! It was funny.", "author": "Bob"}

2025-09-18 21:21:23 | INFO | Sent message to topic 'smoker_csv': {'timestamp': '2025-09-19T02:21:23.060892', 'temperature': 104.0}
2025-09-18 21:21:24 | INFO | Sent message to topic 'buzzline_json': {'message': 'Buzz messages for everyone.', 'author': 'Charlie'}
2025-09-18 21:21:24 | INFO | Processed JSON message: {'message': 'Buzz messages for everyone.', 'author': 'Charlie'}
2025-09-18 21:21:24 | INFO | Message received from author: Charlie
2025-09-18 21:21:24 | INFO | Updated author counts: {'Eve': 26, 'Alice': 43, 'Charlie': 23, 'Diana': 47, 'Bob': 30}
2025-09-18 21:21:24 | INFO | Chart updated successfully for message: {"message": "Buzz messages for everyone.", "author": "Charlie"}
2025-09-18 21:21:25 | INFO | {'message': 'I just loved an app! It was weird.', 'author': 'Bob'}
2025-09-18 21:21:25 | INFO | Processed JSON message: {'message': 'I just loved an app! It was weird.', 'author': 'Bob'}
2025-09-18 21:21:25 | INFO | Message received from author: Bob
2025-09-18 21:21:25 | INFO | Updated author counts: {'Eve': 48, 'Bob': 56, 'Alice': 48, 'Charlie': 42}
2025-09-18 21:21:25 | INFO | Chart updated successfully for message: {"message": "I just loved an app! It was weird.", "author": "Bob"}

2025-09-18 21:21:27 | INFO | Sent message to topic 'buzzline_json': {'message': 'This is a buzz message.', 'author': 'Charlie'}
2025-09-18 21:21:27 | INFO | Processed JSON message: {'message': 'This is a buzz message.', 'author': 'Charlie'}
2025-09-18 21:21:27 | INFO | Message received from author: Charlie
2025-09-18 21:21:27 | INFO | Updated author counts: {'Eve': 26, 'Alice': 43, 'Charlie': 24, 'Diana': 47, 'Bob': 30}
2025-09-18 21:21:27 | INFO | Chart updated successfully for message: {"message": "This is a buzz message.", "author": "Charlie"}
2025-09-18 21:21:28 | INFO | {'message': 'I just tried an app! It was boring.', 'author': 'Eve'}
2025-09-18 21:21:28 | INFO | Sent message to topic 'smoker_csv': {'timestamp': '2025-09-19T02:21:28.061895', 'temperature': 104.4}
2025-09-18 21:21:28 | INFO | Processed JSON message: {'message': 'I just tried an app! It was boring.', 'author': 'Eve'}
2025-09-18 21:21:28 | INFO | Message received from author: Eve
2025-09-18 21:21:28 | INFO | Updated author counts: {'Eve': 49, 'Bob': 56, 'Alice': 48, 'Charlie': 42}
2025-09-18 21:21:28 | INFO | Chart updated successfully for message: {"message": "I just tried an app! It was boring.", "author": "Eve"}

2025-09-18 21:21:30 | INFO | Sent message to topic 'buzzline_json': {'message': 'Streaming data is fun.', 'author': 'Alice'}
2025-09-18 21:21:30 | INFO | Processed JSON message: {'message': 'Streaming data is fun.', 'author': 'Alice'}
2025-09-18 21:21:30 | INFO | Message received from author: Alice
2025-09-18 21:21:30 | INFO | Updated author counts: {'Eve': 26, 'Alice': 44, 'Charlie': 24, 'Diana': 47, 'Bob': 30}
2025-09-18 21:21:30 | INFO | Chart updated successfully for message: {"message": "Streaming data is fun.", "author": "Alice"}
2025-09-18 21:21:31 | INFO | {'message': 'I just saw an app! It was amazing.', 'author': 'Bob'}
2025-09-18 21:21:31 | INFO | Processed JSON message: {'message': 'I just saw an app! It was amazing.', 'author': 'Bob'}
2025-09-18 21:21:31 | INFO | Message received from author: Bob
2025-09-18 21:21:31 | INFO | Updated author counts: {'Eve': 49, 'Bob': 57, 'Alice': 48, 'Charlie': 42}
2025-09-18 21:21:31 | INFO | Chart updated successfully for message: {"message": "I just saw an app! It was amazing.", "author": "Bob"}

2025-09-18 21:21:33 | INFO | Sent message to topic 'buzzline_json': {'message': 'Hello, Kafka world!', 'author': 'Diana'}
2025-09-18 21:21:33 | INFO | Processed JSON message: {'message': 'Hello, Kafka world!', 'author': 'Diana'}
2025-09-18 21:21:33 | INFO | Message received from author: Diana
2025-09-18 21:21:33 | INFO | Sent message to topic 'smoker_csv': {'timestamp': '2025-09-19T02:21:33.062703', 'temperature': 104.8}
2025-09-18 21:21:33 | INFO | Updated author counts: {'Eve': 26, 'Alice': 44, 'Charlie': 24, 'Diana': 48, 'Bob': 30}
2025-09-18 21:21:33 | INFO | Chart updated successfully for message: {"message": "Hello, Kafka world!", "author": "Diana"}
2025-09-18 21:21:34 | INFO | {'message': 'I just found a meme! It was funny.', 'author': 'Eve'}
2025-09-18 21:21:34 | INFO | Processed JSON message: {'message': 'I just found a meme! It was funny.', 'author': 'Eve'}
2025-09-18 21:21:34 | INFO | Message received from author: Eve
2025-09-18 21:21:34 | INFO | Updated author counts: {'Eve': 50, 'Bob': 57, 'Alice': 48, 'Charlie': 42}
2025-09-18 21:21:34 | INFO | Chart updated successfully for message: {"message": "I just found a meme! It was funny.", "author": "Eve"}

2025-09-18 21:21:36 | INFO | Sent message to topic 'buzzline_json': {'message': 'Kafka is awesome.', 'author': 'Bob'}
2025-09-18 21:21:36 | INFO | Processed JSON message: {'message': 'Kafka is awesome.', 'author': 'Bob'}
2025-09-18 21:21:36 | INFO | Message received from author: Bob
2025-09-18 21:21:36 | INFO | Updated author counts: {'Eve': 26, 'Alice': 44, 'Charlie': 24, 'Diana': 48, 'Bob': 31}
2025-09-18 21:21:36 | INFO | Chart updated successfully for message: {"message": "Kafka is awesome.", "author": "Bob"}
2025-09-18 21:21:37 | INFO | {'message': 'I just found a trick! It was funny.', 'author': 'Alice'}
2025-09-18 21:21:37 | INFO | Processed JSON message: {'message': 'I just found a trick! It was funny.', 'author': 'Alice'}
2025-09-18 21:21:37 | INFO | Message received from author: Alice
2025-09-18 21:21:37 | INFO | Updated author counts: {'Eve': 50, 'Bob': 57, 'Alice': 49, 'Charlie': 42}
2025-09-18 21:21:37 | INFO | Chart updated successfully for message: {"message": "I just found a trick! It was funny.", "author": "Alice"}

2025-09-18 21:21:38 | INFO | Sent message to topic 'smoker_csv': {'timestamp': '2025-09-19T02:21:38.063193', 'temperature': 105.2}
2025-09-18 21:21:39 | INFO | Sent message to topic 'buzzline_json': {'message': 'I love Python!', 'author': 'Eve'}
2025-09-18 21:21:39 | INFO | Processed JSON message: {'message': 'I love Python!', 'author': 'Eve'}
2025-09-18 21:21:39 | INFO | Message received from author: Eve
2025-09-18 21:21:39 | INFO | Updated author counts: {'Eve': 27, 'Alice': 44, 'Charlie': 24, 'Diana': 48, 'Bob': 31}
2025-09-18 21:21:39 | INFO | Chart updated successfully for message: {"message": "I love Python!", "author": "Eve"}
2025-09-18 21:21:40 | INFO | {'message': 'I just found a meme! It was weird.', 'author': 'Eve'}
2025-09-18 21:21:40 | INFO | Processed JSON message: {'message': 'I just found a meme! It was weird.', 'author': 'Eve'}
2025-09-18 21:21:40 | INFO | Message received from author: Eve
2025-09-18 21:21:40 | INFO | Updated author counts: {'Eve': 51, 'Bob': 57, 'Alice': 49, 'Charlie': 42}
2025-09-18 21:21:40 | INFO | Chart updated successfully for message: {"message": "I just found a meme! It was weird.", "author": "Eve"}

2025-09-18 21:21:42 | INFO | Sent message to topic 'buzzline_json': {'message': 'JSON makes life easier.', 'author': 'Charlie'}
2025-09-18 21:21:42 | INFO | Processed JSON message: {'message': 'JSON makes life easier.', 'author': 'Charlie'}
2025-09-18 21:21:42 | INFO | Message received from author: Charlie
2025-09-18 21:21:42 | INFO | Updated author counts: {'Eve': 27, 'Alice': 44, 'Charlie': 25, 'Diana': 48, 'Bob': 31}
2025-09-18 21:21:42 | INFO | Chart updated successfully for message: {"message": "JSON makes life easier.", "author": "Charlie"}
2025-09-18 21:21:43 | INFO | {'message': 'I just tried a meme! It was funny.', 'author': 'Eve'}
2025-09-18 21:21:43 | INFO | Sent message to topic 'smoker_csv': {'timestamp': '2025-09-19T02:21:43.064489', 'temperature': 105.6}
2025-09-18 21:21:43 | INFO | Processed JSON message: {'message': 'I just tried a meme! It was funny.', 'author': 'Eve'}
2025-09-18 21:21:43 | INFO | Message received from author: Eve
2025-09-18 21:21:43 | INFO | Updated author counts: {'Eve': 52, 'Bob': 57, 'Alice': 49, 'Charlie': 42}
2025-09-18 21:21:43 | INFO | Chart updated successfully for message: {"message": "I just tried a meme! It was funny.", "author": "Eve"}

2025-09-18 21:21:45 | INFO | Sent message to topic 'buzzline_json': {'message': 'I love Python!', 'author': 'Charlie'}
2025-09-18 21:21:45 | INFO | Processed JSON message: {'message': 'I love Python!', 'author': 'Charlie'}
2025-09-18 21:21:45 | INFO | Message received from author: Charlie
2025-09-18 21:21:45 | INFO | Updated author counts: {'Eve': 27, 'Alice': 44, 'Charlie': 26, 'Diana': 48, 'Bob': 31}
2025-09-18 21:21:45 | INFO | Chart updated successfully for message: {"message": "I love Python!", "author": "Charlie"}
2025-09-18 21:21:46 | INFO | {'message': 'I just saw an app! It was weird.', 'author': 'Bob'}
2025-09-18 21:21:46 | INFO | Processed JSON message: {'message': 'I just saw an app! It was weird.', 'author': 'Bob'}
2025-09-18 21:21:46 | INFO | Message received from author: Bob
2025-09-18 21:21:46 | INFO | Updated author counts: {'Eve': 52, 'Bob': 58, 'Alice': 49, 'Charlie': 42}
2025-09-18 21:21:46 | INFO | Chart updated successfully for message: {"message": "I just saw an app! It was weird.", "author": "Bob"}

2025-09-18 21:21:48 | INFO | Sent message to topic 'buzzline_json': {'message': 'I love Python!', 'author': 'Charlie'}
2025-09-18 21:21:48 | INFO | Processed JSON message: {'message': 'I love Python!', 'author': 'Charlie'}
2025-09-18 21:21:48 | INFO | Message received from author: Charlie
2025-09-18 21:21:48 | INFO | Sent message to topic 'smoker_csv': {'timestamp': '2025-09-19T02:21:48.064825', 'temperature': 106.0}
2025-09-18 21:21:48 | INFO | Updated author counts: {'Eve': 27, 'Alice': 44, 'Charlie': 27, 'Diana': 48, 'Bob': 31}
2025-09-18 21:21:48 | INFO | Chart updated successfully for message: {"message": "I love Python!", "author": "Charlie"}
2025-09-18 21:21:49 | INFO | {'message': 'I just found a meme! It was amazing.', 'author': 'Alice'}
2025-09-18 21:21:49 | INFO | Processed JSON message: {'message': 'I just found a meme! It was amazing.', 'author': 'Alice'}
2025-09-18 21:21:49 | INFO | Message received from author: Alice
2025-09-18 21:21:49 | INFO | Updated author counts: {'Eve': 52, 'Bob': 58, 'Alice': 50, 'Charlie': 42}
2025-09-18 21:21:49 | INFO | Chart updated successfully for message: {"message": "I just found a meme! It was amazing.", "author": "Alice"}

2025-09-18 21:21:51 | INFO | Sent message to topic 'buzzline_json': {'message': 'I love Python!', 'author': 'Diana'}
2025-09-18 21:21:51 | INFO | Processed JSON message: {'message': 'I love Python!', 'author': 'Diana'}
2025-09-18 21:21:51 | INFO | Message received from author: Diana
2025-09-18 21:21:51 | INFO | Updated author counts: {'Eve': 27, 'Alice': 44, 'Charlie': 27, 'Diana': 49, 'Bob': 31}
2025-09-18 21:21:51 | INFO | Chart updated successfully for message: {"message": "I love Python!", "author": "Diana"}
2025-09-18 21:21:52 | INFO | {'message': 'I just saw a story! It was funny.', 'author': 'Eve'}
2025-09-18 21:21:52 | INFO | Processed JSON message: {'message': 'I just saw a story! It was funny.', 'author': 'Eve'}
2025-09-18 21:21:52 | INFO | Message received from author: Eve
2025-09-18 21:21:52 | INFO | Updated author counts: {'Eve': 53, 'Bob': 58, 'Alice': 50, 'Charlie': 42}
2025-09-18 21:21:52 | INFO | Chart updated successfully for message: {"message": "I just saw a story! It was funny.", "author": "Eve"}

2025-09-18 21:21:53 | INFO | Sent message to topic 'smoker_csv': {'timestamp': '2025-09-19T02:21:53.064906', 'temperature': 106.4}
2025-09-18 21:21:53 | WARNING | Producer interrupted by user.
2025-09-18 21:21:53 | INFO | Kafka producer closed.
2025-09-18 21:21:53 | INFO | END producer.
2025-09-18 21:21:54 | INFO | Sent message to topic 'buzzline_json': {'message': 'Streaming data is fun.', 'author': 'Diana'}
2025-09-18 21:21:54 | INFO | Processed JSON message: {'message': 'Streaming data is fun.', 'author': 'Diana'}
2025-09-18 21:21:54 | INFO | Message received from author: Diana
2025-09-18 21:21:54 | INFO | Updated author counts: {'Eve': 27, 'Alice': 44, 'Charlie': 27, 'Diana': 50, 'Bob': 31}
2025-09-18 21:21:54 | INFO | Chart updated successfully for message: {"message": "Streaming data is fun.", "author": "Diana"}
2025-09-18 21:21:55 | INFO | {'message': 'I just tried a story! It was amazing.', 'author': 'Alice'}
2025-09-18 21:21:55 | INFO | Processed JSON message: {'message': 'I just tried a story! It was amazing.', 'author': 'Alice'}
2025-09-18 21:21:55 | INFO | Message received from author: Alice
2025-09-18 21:21:55 | INFO | Updated author counts: {'Eve': 53, 'Bob': 58, 'Alice': 51, 'Charlie': 42}
2025-09-18 21:21:55 | INFO | Chart updated successfully for message: {"message": "I just tried a story! It was amazing.", "author": "Alice"}

2025-09-18 21:21:57 | INFO | Sent message to topic 'buzzline_json': {'message': 'Data engineering is my passion.', 'author': 'Eve'}
2025-09-18 21:21:57 | INFO | Processed JSON message: {'message': 'Data engineering is my passion.', 'author': 'Eve'}
2025-09-18 21:21:57 | INFO | Message received from author: Eve
2025-09-18 21:21:57 | INFO | Updated author counts: {'Eve': 28, 'Alice': 44, 'Charlie': 27, 'Diana': 50, 'Bob': 31}
2025-09-18 21:21:57 | INFO | Chart updated successfully for message: {"message": "Data engineering is my passion.", "author": "Eve"}
2025-09-18 21:21:58 | INFO | {'message': 'I just tried a story! It was exciting.', 'author': 'Charlie'}
2025-09-18 21:21:58 | INFO | Processed JSON message: {'message': 'I just tried a story! It was exciting.', 'author': 'Charlie'}
2025-09-18 21:21:58 | INFO | Message received from author: Charlie
2025-09-18 21:21:58 | INFO | Updated author counts: {'Eve': 53, 'Bob': 58, 'Alice': 51, 'Charlie': 43}
2025-09-18 21:21:58 | INFO | Chart updated successfully for message: {"message": "I just tried a story! It was exciting.", "author": "Charlie"}

2025-09-18 21:22:00 | INFO | Sent message to topic 'buzzline_json': {'message': 'Buzz messages for everyone.', 'author': 'Eve'}
2025-09-18 21:22:00 | INFO | Processed JSON message: {'message': 'Buzz messages for everyone.', 'author': 'Eve'}
2025-09-18 21:22:00 | INFO | Message received from author: Eve
2025-09-18 21:22:00 | INFO | Updated author counts: {'Eve': 29, 'Alice': 44, 'Charlie': 27, 'Diana': 50, 'Bob': 31}
2025-09-18 21:22:00 | INFO | Chart updated successfully for message: {"message": "Buzz messages for everyone.", "author": "Eve"}
2025-09-18 21:22:01 | INFO | {'message': 'I just tried a meme! It was amazing.', 'author': 'Alice'}
2025-09-18 21:22:01 | INFO | Processed JSON message: {'message': 'I just tried a meme! It was amazing.', 'author': 'Alice'}
2025-09-18 21:22:01 | INFO | Message received from author: Alice
2025-09-18 21:22:01 | INFO | Updated author counts: {'Eve': 53, 'Bob': 58, 'Alice': 52, 'Charlie': 43}
2025-09-18 21:22:01 | INFO | Chart updated successfully for message: {"message": "I just tried a meme! It was amazing.", "author": "Alice"}

2025-09-18 21:22:03 | INFO | Sent message to topic 'buzzline_json': {'message': 'JSON makes life easier.', 'author': 'Eve'}
2025-09-18 21:22:03 | INFO | Processed JSON message: {'message': 'JSON makes life easier.', 'author': 'Eve'}
2025-09-18 21:22:03 | INFO | Message received from author: Eve
2025-09-18 21:22:03 | INFO | Updated author counts: {'Eve': 30, 'Alice': 44, 'Charlie': 27, 'Diana': 50, 'Bob': 31}
2025-09-18 21:22:03 | INFO | Chart updated successfully for message: {"message": "JSON makes life easier.", "author": "Eve"}
2025-09-18 21:22:04 | INFO | {'message': 'I just tried a meme! It was funny.', 'author': 'Bob'}
2025-09-18 21:22:04 | INFO | Processed JSON message: {'message': 'I just tried a meme! It was funny.', 'author': 'Bob'}
2025-09-18 21:22:04 | INFO | Message received from author: Bob
2025-09-18 21:22:04 | INFO | Updated author counts: {'Eve': 53, 'Bob': 59, 'Alice': 52, 'Charlie': 43}
2025-09-18 21:22:04 | INFO | Chart updated successfully for message: {"message": "I just tried a meme! It was funny.", "author": "Bob"}

2025-09-18 21:22:06 | INFO | Sent message to topic 'buzzline_json': {'message': 'Have a great day!', 'author': 'Alice'}
2025-09-18 21:22:06 | INFO | Processed JSON message: {'message': 'Have a great day!', 'author': 'Alice'}
2025-09-18 21:22:06 | INFO | Message received from author: Alice
2025-09-18 21:22:06 | INFO | Updated author counts: {'Eve': 30, 'Alice': 45, 'Charlie': 27, 'Diana': 50, 'Bob': 31}
2025-09-18 21:22:06 | INFO | Chart updated successfully for message: {"message": "Have a great day!", "author": "Alice"}
2025-09-18 21:22:07 | INFO | {'message': 'I just saw a story! It was amazing.', 'author': 'Eve'}
2025-09-18 21:22:07 | INFO | Processed JSON message: {'message': 'I just saw a story! It was amazing.', 'author': 'Eve'}
2025-09-18 21:22:07 | INFO | Message received from author: Eve
2025-09-18 21:22:07 | INFO | Updated author counts: {'Eve': 54, 'Bob': 59, 'Alice': 52, 'Charlie': 43}
2025-09-18 21:22:07 | INFO | Chart updated successfully for message: {"message": "I just saw a story! It was amazing.", "author": "Eve"}

2025-09-18 21:22:09 | INFO | Sent message to topic 'buzzline_json': {'message': 'I love Python!', 'author': 'Bob'}
2025-09-18 21:22:09 | INFO | Processed JSON message: {'message': 'I love Python!', 'author': 'Bob'}
2025-09-18 21:22:09 | INFO | Message received from author: Bob
2025-09-18 21:22:09 | INFO | Updated author counts: {'Eve': 30, 'Alice': 45, 'Charlie': 27, 'Diana': 50, 'Bob': 32}
2025-09-18 21:22:09 | INFO | Chart updated successfully for message: {"message": "I love Python!", "author": "Bob"}
2025-09-18 21:22:10 | INFO | {'message': 'I just found a movie! It was weird.', 'author': 'Charlie'}
2025-09-18 21:22:10 | INFO | Processed JSON message: {'message': 'I just found a movie! It was weird.', 'author': 'Charlie'}
2025-09-18 21:22:10 | INFO | Message received from author: Charlie
2025-09-18 21:22:10 | INFO | Updated author counts: {'Eve': 54, 'Bob': 59, 'Alice': 52, 'Charlie': 44}
2025-09-18 21:22:10 | INFO | Chart updated successfully for message: {"message": "I just found a movie! It was weird.", "author": "Charlie"}

2025-09-18 21:22:12 | INFO | Sent message to topic 'buzzline_json': {'message': 'I love Python!', 'author': 'Bob'}
2025-09-18 21:22:12 | INFO | Processed JSON message: {'message': 'I love Python!', 'author': 'Bob'}
2025-09-18 21:22:12 | INFO | Message received from author: Bob
2025-09-18 21:22:12 | INFO | Updated author counts: {'Eve': 30, 'Alice': 45, 'Charlie': 27, 'Diana': 50, 'Bob': 33}
2025-09-18 21:22:12 | INFO | Chart updated successfully for message: {"message": "I love Python!", "author": "Bob"}
2025-09-18 21:22:13 | INFO | {'message': 'I just found a story! It was funny.', 'author': 'Eve'}
2025-09-18 21:22:13 | INFO | Processed JSON message: {'message': 'I just found a story! It was funny.', 'author': 'Eve'}
2025-09-18 21:22:13 | INFO | Message received from author: Eve
2025-09-18 21:22:13 | INFO | Updated author counts: {'Eve': 55, 'Bob': 59, 'Alice': 52, 'Charlie': 44}
2025-09-18 21:22:13 | INFO | Chart updated successfully for message: {"message": "I just found a story! It was funny.", "author": "Eve"}

2025-09-18 21:22:15 | INFO | Sent message to topic 'buzzline_json': {'message': 'This is a buzz message.', 'author': 'Eve'}
2025-09-18 21:22:15 | INFO | Processed JSON message: {'message': 'This is a buzz message.', 'author': 'Eve'}
2025-09-18 21:22:15 | INFO | Message received from author: Eve
2025-09-18 21:22:15 | INFO | Updated author counts: {'Eve': 31, 'Alice': 45, 'Charlie': 27, 'Diana': 50, 'Bob': 33}
2025-09-18 21:22:15 | INFO | Chart updated successfully for message: {"message": "This is a buzz message.", "author": "Eve"}
2025-09-18 21:22:16 | INFO | {'message': 'I just saw a story! It was weird.', 'author': 'Eve'}
2025-09-18 21:22:16 | INFO | Processed JSON message: {'message': 'I just saw a story! It was weird.', 'author': 'Eve'}
2025-09-18 21:22:16 | INFO | Message received from author: Eve
2025-09-18 21:22:16 | INFO | Updated author counts: {'Eve': 56, 'Bob': 59, 'Alice': 52, 'Charlie': 44}
2025-09-18 21:22:16 | INFO | Chart updated successfully for message: {"message": "I just saw a story! It was weird.", "author": "Eve"}

2025-09-18 21:22:18 | INFO | Sent message to topic 'buzzline_json': {'message': 'This is a buzz message.', 'author': 'Alice'}
2025-09-18 21:22:18 | INFO | Processed JSON message: {'message': 'This is a buzz message.', 'author': 'Alice'}
2025-09-18 21:22:18 | INFO | Message received from author: Alice
2025-09-18 21:22:18 | INFO | Updated author counts: {'Eve': 31, 'Alice': 46, 'Charlie': 27, 'Diana': 50, 'Bob': 33}
2025-09-18 21:22:18 | INFO | Chart updated successfully for message: {"message": "This is a buzz message.", "author": "Alice"}
2025-09-18 21:22:19 | INFO | {'message': 'I just saw a meme! It was amazing.', 'author': 'Alice'}
2025-09-18 21:22:19 | INFO | Processed JSON message: {'message': 'I just saw a meme! It was amazing.', 'author': 'Alice'}
2025-09-18 21:22:19 | INFO | Message received from author: Alice
2025-09-18 21:22:19 | INFO | Updated author counts: {'Eve': 56, 'Bob': 59, 'Alice': 53, 'Charlie': 44}
2025-09-18 21:22:19 | INFO | Chart updated successfully for message: {"message": "I just saw a meme! It was amazing.", "author": "Alice"}

2025-09-18 21:22:21 | INFO | Sent message to topic 'buzzline_json': {'message': 'Distributed systems are fascinating.', 'author': 'Diana'}
2025-09-18 21:22:21 | INFO | Processed JSON message: {'message': 'Distributed systems are fascinating.', 'author': 'Diana'}
2025-09-18 21:22:21 | INFO | Message received from author: Diana
2025-09-18 21:22:21 | INFO | Updated author counts: {'Eve': 31, 'Alice': 46, 'Charlie': 27, 'Diana': 51, 'Bob': 33}
2025-09-18 21:22:21 | INFO | Chart updated successfully for message: {"message": "Distributed systems are fascinating.", "author": "Diana"}
2025-09-18 21:22:22 | INFO | {'message': 'I just shared a movie! It was funny.', 'author': 'Bob'}
2025-09-18 21:22:22 | INFO | Processed JSON message: {'message': 'I just shared a movie! It was funny.', 'author': 'Bob'}
2025-09-18 21:22:22 | INFO | Message received from author: Bob
2025-09-18 21:22:22 | INFO | Updated author counts: {'Eve': 56, 'Bob': 60, 'Alice': 53, 'Charlie': 44}
2025-09-18 21:22:22 | INFO | Chart updated successfully for message: {"message": "I just shared a movie! It was funny.", "author": "Bob"}

2025-09-18 21:22:24 | INFO | Sent message to topic 'buzzline_json': {'message': 'Streaming data is fun.', 'author': 'Eve'}
2025-09-18 21:22:24 | INFO | Processed JSON message: {'message': 'Streaming data is fun.', 'author': 'Eve'}
2025-09-18 21:22:24 | INFO | Message received from author: Eve
2025-09-18 21:22:24 | INFO | Updated author counts: {'Eve': 32, 'Alice': 46, 'Charlie': 27, 'Diana': 51, 'Bob': 33}
2025-09-18 21:22:24 | INFO | Chart updated successfully for message: {"message": "Streaming data is fun.", "author": "Eve"}
2025-09-18 21:22:25 | INFO | {'message': 'I just saw an app! It was funny.', 'author': 'Charlie'}
2025-09-18 21:22:25 | INFO | Processed JSON message: {'message': 'I just saw an app! It was funny.', 'author': 'Charlie'}
2025-09-18 21:22:25 | INFO | Message received from author: Charlie
2025-09-18 21:22:25 | INFO | Updated author counts: {'Eve': 56, 'Bob': 60, 'Alice': 53, 'Charlie': 45}
2025-09-18 21:22:25 | INFO | Chart updated successfully for message: {"message": "I just saw an app! It was funny.", "author": "Charlie"}

